============================= test session starts ==============================
platform linux -- Python 3.9.13, pytest-7.1.2, pluggy-1.0.0
rootdir: /home/mcculler/local/projects_sync/wavestate-project-mcculler/wavestate-doc/testing, configfile: pytest.ini
plugins: xdist-2.5.0, forked-1.4.0, mock-3.7.0, requests-mock-1.9.3, timeout-2.1.0, ligo.skymap-0.5.3, cov-3.0.0, socket-0.5.1, metadata-2.0.1, flaky-3.7.0, html-3.1.1
collected 752 items / 15 errors / 17 skipped
Module::pygwinc/test/budgets/test_budgets.py::pygwinc/test/budgets/test_budgets.py
  Function::test_load::pygwinc/test/budgets/test_budgets.py
  Function::test_update_ifo_struct::pygwinc/test/budgets/test_budgets.py
  Function::test_change_ifo_struct::pygwinc/test/budgets/test_budgets.py
Module::pygwinc/test/inherit/test_inherit.py::pygwinc/test/inherit/test_inherit.py
  Function::test_inherit_load::pygwinc/test/inherit/test_inherit.py
  Function::test_inherit_fail::pygwinc/test/inherit/test_inherit.py
Module::pygwinc/test/noises/test_quantum.py::pygwinc/test/noises/test_quantum.py
  Function::test_no_squeezer_type::pygwinc/test/noises/test_quantum.py
  Function::test_lo_params::pygwinc/test/noises/test_quantum.py
Module::pygwinc/test/struct/test_struct.py::pygwinc/test/struct/test_struct.py
  Function::test_load::pygwinc/test/struct/test_struct.py
  Function::test_struct_load_Sequences::pygwinc/test/struct/test_struct.py
Module::wavestate-AAA/src/wavestate/AAA/test/test_AAA.py::wavestate-AAA/src/wavestate/AAA/test/test_AAA.py
  Function::test_AAA_mod::wavestate-AAA/src/wavestate/AAA/test/test_AAA.py
  Function::test_AAA_rand6_lin[0]::wavestate-AAA/src/wavestate/AAA/test/test_AAA.py
  Function::test_AAA_rand6_lin[1]::wavestate-AAA/src/wavestate/AAA/test/test_AAA.py
  Function::test_AAA_rand6_lin[2]::wavestate-AAA/src/wavestate/AAA/test/test_AAA.py
  Function::test_AAA_rand6_lin[3]::wavestate-AAA/src/wavestate/AAA/test/test_AAA.py
  Function::test_AAA_rand6_lin[4]::wavestate-AAA/src/wavestate/AAA/test/test_AAA.py
  Function::test_AAA_rand6_lin[5]::wavestate-AAA/src/wavestate/AAA/test/test_AAA.py
  Function::test_AAA_rand6_lin[6]::wavestate-AAA/src/wavestate/AAA/test/test_AAA.py
  Function::test_AAA_rand6_lin[7]::wavestate-AAA/src/wavestate/AAA/test/test_AAA.py
  Function::test_AAA_rand6_lin[8]::wavestate-AAA/src/wavestate/AAA/test/test_AAA.py
  Function::test_AAA_rand6_lin[9]::wavestate-AAA/src/wavestate/AAA/test/test_AAA.py
  Function::test_AAA_rand6_lin[10]::wavestate-AAA/src/wavestate/AAA/test/test_AAA.py
  Function::test_AAA_rand6_log[0]::wavestate-AAA/src/wavestate/AAA/test/test_AAA.py
  Function::test_AAA_rand6_log[1]::wavestate-AAA/src/wavestate/AAA/test/test_AAA.py
  Function::test_AAA_rand6_log[2]::wavestate-AAA/src/wavestate/AAA/test/test_AAA.py
  Function::test_AAA_rand6_log[3]::wavestate-AAA/src/wavestate/AAA/test/test_AAA.py
  Function::test_AAA_rand6_log[4]::wavestate-AAA/src/wavestate/AAA/test/test_AAA.py
  Function::test_AAA_rand6_log[5]::wavestate-AAA/src/wavestate/AAA/test/test_AAA.py
  Function::test_AAA_rand6_log[6]::wavestate-AAA/src/wavestate/AAA/test/test_AAA.py
  Function::test_AAA_rand6_log[7]::wavestate-AAA/src/wavestate/AAA/test/test_AAA.py
  Function::test_AAA_rand6_log[8]::wavestate-AAA/src/wavestate/AAA/test/test_AAA.py
  Function::test_AAA_rand6_log[9]::wavestate-AAA/src/wavestate/AAA/test/test_AAA.py
  Function::test_AAA_rand6_log[10]::wavestate-AAA/src/wavestate/AAA/test/test_AAA.py
Module::wavestate-AAA/src/wavestate/AAA/test/test_AAA_algo.py::wavestate-AAA/src/wavestate/AAA/test/test_AAA_algo.py
  Function::test_AAA_sym::wavestate-AAA/src/wavestate/AAA/test/test_AAA_algo.py
  Function::test_AAA3::wavestate-AAA/src/wavestate/AAA/test/test_AAA_algo.py
  Function::test_AAA_success::wavestate-AAA/src/wavestate/AAA/test/test_AAA_algo.py
Module::wavestate-AAA/src/wavestate/AAA/test/test_AAA_present.py::wavestate-AAA/src/wavestate/AAA/test/test_AAA_present.py
  Function::test_AAA_view::wavestate-AAA/src/wavestate/AAA/test/test_AAA_present.py
  Function::test_AAA_BNS::wavestate-AAA/src/wavestate/AAA/test/test_AAA_present.py
  Function::test_AAA_GWINC::wavestate-AAA/src/wavestate/AAA/test/test_AAA_present.py
Package::cavity::wavestate-LIGO-IFO/src/wavestate/LIGO/IFO/Apl/design/cavity/__init__.py
  Module::T_FC_baffles.py::wavestate-LIGO-IFO/src/wavestate/LIGO/IFO/Apl/design/cavity/T_FC_baffles.py
    Function::T_FC_baffles1[thetaSq]::wavestate-LIGO-IFO/src/wavestate/LIGO/IFO/Apl/design/cavity/T_FC_baffles.py
    Function::T_FC_baffles1[thetaSqMin1]::wavestate-LIGO-IFO/src/wavestate/LIGO/IFO/Apl/design/cavity/T_FC_baffles.py
    Function::T_FC_baffles1[thetaSqMin2]::wavestate-LIGO-IFO/src/wavestate/LIGO/IFO/Apl/design/cavity/T_FC_baffles.py
    Function::T_FC_baffles1[G2000780slide3]::wavestate-LIGO-IFO/src/wavestate/LIGO/IFO/Apl/design/cavity/T_FC_baffles.py
  Module::T_FC_clipping.py::wavestate-LIGO-IFO/src/wavestate/LIGO/IFO/Apl/design/cavity/T_FC_clipping.py
    Function::T_plot_HGs::wavestate-LIGO-IFO/src/wavestate/LIGO/IFO/Apl/design/cavity/T_FC_clipping.py
    Function::T_plot_LGs::wavestate-LIGO-IFO/src/wavestate/LIGO/IFO/Apl/design/cavity/T_FC_clipping.py
    Function::T_plot_LGs_16m::wavestate-LIGO-IFO/src/wavestate/LIGO/IFO/Apl/design/cavity/T_FC_clipping.py
    Function::T_plot_LGs_CPLG::wavestate-LIGO-IFO/src/wavestate/LIGO/IFO/Apl/design/cavity/T_FC_clipping.py
    Function::T_HOM_cavity_F16::wavestate-LIGO-IFO/src/wavestate/LIGO/IFO/Apl/design/cavity/T_FC_clipping.py
    Function::T_HOM_cavity::wavestate-LIGO-IFO/src/wavestate/LIGO/IFO/Apl/design/cavity/T_FC_clipping.py
    Function::T_HOM_cavity_lossy::wavestate-LIGO-IFO/src/wavestate/LIGO/IFO/Apl/design/cavity/T_FC_clipping.py
    Function::T_sensitivity::wavestate-LIGO-IFO/src/wavestate/LIGO/IFO/Apl/design/cavity/T_FC_clipping.py
  Module::T_FC_geometry.py::wavestate-LIGO-IFO/src/wavestate/LIGO/IFO/Apl/design/cavity/T_FC_geometry.py
    Function::T_geometry::wavestate-LIGO-IFO/src/wavestate/LIGO/IFO/Apl/design/cavity/T_FC_geometry.py
    Function::T_geometry_ISC::wavestate-LIGO-IFO/src/wavestate/LIGO/IFO/Apl/design/cavity/T_FC_geometry.py
    Function::T_ISC_scan_L[32]::wavestate-LIGO-IFO/src/wavestate/LIGO/IFO/Apl/design/cavity/T_FC_geometry.py
    Function::T_ISC_scan[32]::wavestate-LIGO-IFO/src/wavestate/LIGO/IFO/Apl/design/cavity/T_FC_geometry.py
    Function::T_ISC_scan_16m[40]::wavestate-LIGO-IFO/src/wavestate/LIGO/IFO/Apl/design/cavity/T_FC_geometry.py
Package::telescopes::wavestate-LIGO-IFO/src/wavestate/LIGO/IFO/Apl/design/telescopes/__init__.py
  Module::T_FC_A2L.py::wavestate-LIGO-IFO/src/wavestate/LIGO/IFO/Apl/design/telescopes/T_FC_A2L.py
    Function::T_FC_A2L::wavestate-LIGO-IFO/src/wavestate/LIGO/IFO/Apl/design/telescopes/T_FC_A2L.py
  Module::T_FC_coatings.py::wavestate-LIGO-IFO/src/wavestate/LIGO/IFO/Apl/design/telescopes/T_FC_coatings.py
    Function::T_FC_coatings::wavestate-LIGO-IFO/src/wavestate/LIGO/IFO/Apl/design/telescopes/T_FC_coatings.py
Module::wavestate-LIGO-IFO/src/wavestate/LIGO/IFO/as_built/FC_LHO/post_ZM123/T_LHO_MM_SQZ_ZM123.py::wavestate-LIGO-IFO/src/wavestate/LIGO/IFO/as_built/FC_LHO/post_ZM123/T_LHO_MM_SQZ_ZM123.py
  Function::T_LHO_MM_SQZ_dump_system::wavestate-LIGO-IFO/src/wavestate/LIGO/IFO/as_built/FC_LHO/post_ZM123/T_LHO_MM_SQZ_ZM123.py
  Function::T_LHO_MM_SQZ_LHO_qfits::wavestate-LIGO-IFO/src/wavestate/LIGO/IFO/as_built/FC_LHO/post_ZM123/T_LHO_MM_SQZ_ZM123.py
  Function::T_LHO_MM_SQZ_LHO_ZM12_check::wavestate-LIGO-IFO/src/wavestate/LIGO/IFO/as_built/FC_LHO/post_ZM123/T_LHO_MM_SQZ_ZM123.py
  Function::T_LHO_MM_SQZ_LHO_ZM1234::wavestate-LIGO-IFO/src/wavestate/LIGO/IFO/as_built/FC_LHO/post_ZM123/T_LHO_MM_SQZ_ZM123.py
Module::wavestate-LIGO-IFO/src/wavestate/LIGO/IFO/as_built/FC_LHO/pre_ZM123/T_HAM7_projections.py::wavestate-LIGO-IFO/src/wavestate/LIGO/IFO/as_built/FC_LHO/pre_ZM123/T_HAM7_projections.py
  Function::T_ZM4_SG::wavestate-LIGO-IFO/src/wavestate/LIGO/IFO/as_built/FC_LHO/pre_ZM123/T_HAM7_projections.py
  Function::T_ZM5_SG::wavestate-LIGO-IFO/src/wavestate/LIGO/IFO/as_built/FC_LHO/pre_ZM123/T_HAM7_projections.py
  Function::T_ZM4_projections::wavestate-LIGO-IFO/src/wavestate/LIGO/IFO/as_built/FC_LHO/pre_ZM123/T_HAM7_projections.py
Module::wavestate-LIGO-IFO/src/wavestate/LIGO/IFO/as_built/FC_LHO/pre_ZM123/T_HAM7_projections2.py::wavestate-LIGO-IFO/src/wavestate/LIGO/IFO/as_built/FC_LHO/pre_ZM123/T_HAM7_projections2.py
  Function::T_ZM4_projections2::wavestate-LIGO-IFO/src/wavestate/LIGO/IFO/as_built/FC_LHO/pre_ZM123/T_HAM7_projections2.py
  Function::T_ZM4_projections3::wavestate-LIGO-IFO/src/wavestate/LIGO/IFO/as_built/FC_LHO/pre_ZM123/T_HAM7_projections2.py
  Function::T_ZM4_PSAMS::wavestate-LIGO-IFO/src/wavestate/LIGO/IFO/as_built/FC_LHO/pre_ZM123/T_HAM7_projections2.py
  Function::T_ZM5_PSAMS::wavestate-LIGO-IFO/src/wavestate/LIGO/IFO/as_built/FC_LHO/pre_ZM123/T_HAM7_projections2.py
Module::wavestate-LIGO-IFO/src/wavestate/LIGO/IFO/as_built/FC_LHO/pre_ZM123/T_LHO_MM_OPO.py::wavestate-LIGO-IFO/src/wavestate/LIGO/IFO/as_built/FC_LHO/pre_ZM123/T_LHO_MM_OPO.py
  Function::T_MM_SQZ_dump_system::wavestate-LIGO-IFO/src/wavestate/LIGO/IFO/as_built/FC_LHO/pre_ZM123/T_LHO_MM_OPO.py
  Function::T_MM_OPO::wavestate-LIGO-IFO/src/wavestate/LIGO/IFO/as_built/FC_LHO/pre_ZM123/T_LHO_MM_OPO.py
Module::wavestate-LIGO-IFO/src/wavestate/LIGO/IFO/as_built/FC_LHO/pre_ZM123/T_LHO_MM_PUMP.py::wavestate-LIGO-IFO/src/wavestate/LIGO/IFO/as_built/FC_LHO/pre_ZM123/T_LHO_MM_PUMP.py
  Function::T_MM_PUMP_COLtoOPO::wavestate-LIGO-IFO/src/wavestate/LIGO/IFO/as_built/FC_LHO/pre_ZM123/T_LHO_MM_PUMP.py
  Function::T_MM_PUMP_OPOtoSQZT7::wavestate-LIGO-IFO/src/wavestate/LIGO/IFO/as_built/FC_LHO/pre_ZM123/T_LHO_MM_PUMP.py
Module::wavestate-LIGO-IFO/src/wavestate/LIGO/IFO/as_built/FC_LHO/pre_ZM123/T_LHO_MM_SQZ.py::wavestate-LIGO-IFO/src/wavestate/LIGO/IFO/as_built/FC_LHO/pre_ZM123/T_LHO_MM_SQZ.py
  Function::T_LHO_MM_SQZ_dump_system::wavestate-LIGO-IFO/src/wavestate/LIGO/IFO/as_built/FC_LHO/pre_ZM123/T_LHO_MM_SQZ.py
  Function::T_LHO_MM_OPO_VIPtoZM1::wavestate-LIGO-IFO/src/wavestate/LIGO/IFO/as_built/FC_LHO/pre_ZM123/T_LHO_MM_SQZ.py
  Function::T_LHO_MM_OPO_ZMRetrotoZM4::wavestate-LIGO-IFO/src/wavestate/LIGO/IFO/as_built/FC_LHO/pre_ZM123/T_LHO_MM_SQZ.py
  Function::T_LHO_MM_SQZ_VIPtoZM1::wavestate-LIGO-IFO/src/wavestate/LIGO/IFO/as_built/FC_LHO/pre_ZM123/T_LHO_MM_SQZ.py
  Function::T_LHO_MM_SQZ_ZM1toZM4::wavestate-LIGO-IFO/src/wavestate/LIGO/IFO/as_built/FC_LHO/pre_ZM123/T_LHO_MM_SQZ.py
  Function::T_LHO_MM_SQZ_VIPtoZM1_moved::wavestate-LIGO-IFO/src/wavestate/LIGO/IFO/as_built/FC_LHO/pre_ZM123/T_LHO_MM_SQZ.py
Module::wavestate-LIGO-IFO/src/wavestate/LIGO/IFO/as_built/FC_LHO/pre_ZM123/T_MM_SQZ_HAM7.py::wavestate-LIGO-IFO/src/wavestate/LIGO/IFO/as_built/FC_LHO/pre_ZM123/T_MM_SQZ_HAM7.py
  Function::T_MM_SQZ_dump_system::wavestate-LIGO-IFO/src/wavestate/LIGO/IFO/as_built/FC_LHO/pre_ZM123/T_MM_SQZ_HAM7.py
  Function::T_MM_SQZ_ZM4ZM5::wavestate-LIGO-IFO/src/wavestate/LIGO/IFO/as_built/FC_LHO/pre_ZM123/T_MM_SQZ_HAM7.py
  Function::T_MM_SQZ_FCtoSRM_IFO_scan[1]::wavestate-LIGO-IFO/src/wavestate/LIGO/IFO/as_built/FC_LHO/pre_ZM123/T_MM_SQZ_HAM7.py
  Function::T_MM_SQZ_FCtoSRM_IFO_scan[2]::wavestate-LIGO-IFO/src/wavestate/LIGO/IFO/as_built/FC_LHO/pre_ZM123/T_MM_SQZ_HAM7.py
Module::wavestate-LIGO-IFO/src/wavestate/LIGO/IFO/as_built/FC_LLO/post_ZM123/T_LLO_MM_SQZ_ZM123.py::wavestate-LIGO-IFO/src/wavestate/LIGO/IFO/as_built/FC_LLO/post_ZM123/T_LLO_MM_SQZ_ZM123.py
  Function::T_LLO_MM_SQZ_dump_system::wavestate-LIGO-IFO/src/wavestate/LIGO/IFO/as_built/FC_LLO/post_ZM123/T_LLO_MM_SQZ_ZM123.py
  Function::T_LLO_MM_SQZ_LLO_qfits::wavestate-LIGO-IFO/src/wavestate/LIGO/IFO/as_built/FC_LLO/post_ZM123/T_LLO_MM_SQZ_ZM123.py
  Function::T_LLO_MM_SQZ_LLO_ZM12_check::wavestate-LIGO-IFO/src/wavestate/LIGO/IFO/as_built/FC_LLO/post_ZM123/T_LLO_MM_SQZ_ZM123.py
  Function::T_LLO_MM_SQZ_LLO_ZM1234::wavestate-LIGO-IFO/src/wavestate/LIGO/IFO/as_built/FC_LLO/post_ZM123/T_LLO_MM_SQZ_ZM123.py
Module::wavestate-LIGO-IFO/src/wavestate/LIGO/IFO/as_built/FC_LLO/pre_ZM123/T_LLO_MM_SQZ.py::wavestate-LIGO-IFO/src/wavestate/LIGO/IFO/as_built/FC_LLO/pre_ZM123/T_LLO_MM_SQZ.py
  Function::T_MM_SQZ_VIPtoZM2::wavestate-LIGO-IFO/src/wavestate/LIGO/IFO/as_built/FC_LLO/pre_ZM123/T_LLO_MM_SQZ.py
  Function::T_MM_OPO_ZMRetrotoZM4::wavestate-LIGO-IFO/src/wavestate/LIGO/IFO/as_built/FC_LLO/pre_ZM123/T_LLO_MM_SQZ.py
Module::wavestate-LIGO-IFO/src/wavestate/LIGO/IFO/as_built/FC_LLO/pre_ZM123/T_LLO_scatter.py::wavestate-LIGO-IFO/src/wavestate/LIGO/IFO/as_built/FC_LLO/pre_ZM123/T_LLO_scatter.py
  Function::T_LLO_scatter_spec::wavestate-LIGO-IFO/src/wavestate/LIGO/IFO/as_built/FC_LLO/pre_ZM123/T_LLO_scatter.py
Module::wavestate-LIGO-IFO/src/wavestate/LIGO/IFO/design/T_LIGO_A2L.py::wavestate-LIGO-IFO/src/wavestate/LIGO/IFO/design/T_LIGO_A2L.py
  Function::T_LIGO_cavities::wavestate-LIGO-IFO/src/wavestate/LIGO/IFO/design/T_LIGO_A2L.py
  Function::T_LIGO_cavities_shifts::wavestate-LIGO-IFO/src/wavestate/LIGO/IFO/design/T_LIGO_A2L.py
  Function::T_LIGO_cavities_shifts_invert::wavestate-LIGO-IFO/src/wavestate/LIGO/IFO/design/T_LIGO_A2L.py
  Function::T_LIGO_cavities_shifts_invert2::wavestate-LIGO-IFO/src/wavestate/LIGO/IFO/design/T_LIGO_A2L.py
  Function::T_LIGO_cavities_shifts_test::wavestate-LIGO-IFO/src/wavestate/LIGO/IFO/design/T_LIGO_A2L.py
  Function::T_A2L::wavestate-LIGO-IFO/src/wavestate/LIGO/IFO/design/T_LIGO_A2L.py
Module::wavestate-LIGO-IFO/src/wavestate/LIGO/IFO/design/T_LIGO_OPO.py::wavestate-LIGO-IFO/src/wavestate/LIGO/IFO/design/T_LIGO_OPO.py
  Function::T_OPO_cavity::wavestate-LIGO-IFO/src/wavestate/LIGO/IFO/design/T_LIGO_OPO.py
  Function::T_MM_OPO::wavestate-LIGO-IFO/src/wavestate/LIGO/IFO/design/T_LIGO_OPO.py
Module::wavestate-LIGO-IFO/src/wavestate/LIGO/IFO/design/532_collimators/T_532_fibercol_MML.py::wavestate-LIGO-IFO/src/wavestate/LIGO/IFO/design/532_collimators/T_532_fibercol_MML.py
  Function::T_Fabrice_LHO_fit::wavestate-LIGO-IFO/src/wavestate/LIGO/IFO/design/532_collimators/T_532_fibercol_MML.py
  Function::T_MML_clipping_debias::wavestate-LIGO-IFO/src/wavestate/LIGO/IFO/design/532_collimators/T_532_fibercol_MML.py
Module::wavestate-LIGO-IFO/src/wavestate/LIGO/IFO/design/532_collimators/T_MM_Alvaro.py::wavestate-LIGO-IFO/src/wavestate/LIGO/IFO/design/532_collimators/T_MM_Alvaro.py
  Function::T_MM_Alvaro::wavestate-LIGO-IFO/src/wavestate/LIGO/IFO/design/532_collimators/T_MM_Alvaro.py
  Function::T_MM_Fabrice::wavestate-LIGO-IFO/src/wavestate/LIGO/IFO/design/532_collimators/T_MM_Alvaro.py
Module::wavestate-LIGO-IFO/src/wavestate/LIGO/IFO/design/532_collimators/T_OPO_col.py::wavestate-LIGO-IFO/src/wavestate/LIGO/IFO/design/532_collimators/T_OPO_col.py
  Function::T_OPO_pumpCOL_DXX_SN6_sol1::wavestate-LIGO-IFO/src/wavestate/LIGO/IFO/design/532_collimators/T_OPO_col.py
  Function::T_OPO_pumpCOL_DXX_SN6_freespace::wavestate-LIGO-IFO/src/wavestate/LIGO/IFO/design/532_collimators/T_OPO_col.py
Module::wavestate-LIGO-IFO/src/wavestate/LIGO/IFO/design/532_collimators/T_OPO_mm.py::wavestate-LIGO-IFO/src/wavestate/LIGO/IFO/design/532_collimators/T_OPO_mm.py
  Function::T_OPO_pumpCOL::wavestate-LIGO-IFO/src/wavestate/LIGO/IFO/design/532_collimators/T_OPO_mm.py
  Function::T_OPO_pumpCOL_D1900044_SN2[aLIGO_OPO_VIP_D1900044_SN2_sol1]::wavestate-LIGO-IFO/src/wavestate/LIGO/IFO/design/532_collimators/T_OPO_mm.py
  Function::T_OPO_pumpCOL_D1900044_SN2[aLIGO_OPO_VIP_D1900044_SN2_sol2]::wavestate-LIGO-IFO/src/wavestate/LIGO/IFO/design/532_collimators/T_OPO_mm.py
  Function::T_OPO_pumpCOL_test_constr::wavestate-LIGO-IFO/src/wavestate/LIGO/IFO/design/532_collimators/T_OPO_mm.py
Module::wavestate-LIGO-IFO/src/wavestate/LIGO/IFO/test/test_LIGO.py::wavestate-LIGO-IFO/src/wavestate/LIGO/IFO/test/test_LIGO.py
  Function::test_LIGO_like::wavestate-LIGO-IFO/src/wavestate/LIGO/IFO/test/test_LIGO.py
Module::wavestate-LIGO-IFO/src/wavestate/LIGO/IFO/test/test_LIGO_A2Lish.py::wavestate-LIGO-IFO/src/wavestate/LIGO/IFO/test/test_LIGO_A2Lish.py
  Function::test_LIGO_A2L_fromI::wavestate-LIGO-IFO/src/wavestate/LIGO/IFO/test/test_LIGO_A2Lish.py
Module::wavestate-control/src/wavestate/control/SFLU/test/T_SFLU.py::wavestate-control/src/wavestate/control/SFLU/test/T_SFLU.py
  Function::T_SFLU_pre1::wavestate-control/src/wavestate/control/SFLU/test/T_SFLU.py
  Function::T_sympy::wavestate-control/src/wavestate/control/SFLU/test/T_SFLU.py
Module::wavestate-control/src/wavestate/control/SFLU/test/T_SFLU_DRFPMI.py::wavestate-control/src/wavestate/control/SFLU/test/T_SFLU_DRFPMI.py
  Function::T_SFLU_DRFPMI_show_full::wavestate-control/src/wavestate/control/SFLU/test/T_SFLU_DRFPMI.py
  Function::T_SFLU_DRFPMI_show_sub::wavestate-control/src/wavestate/control/SFLU/test/T_SFLU_DRFPMI.py
  Function::T_SFLU_DRFPMI_serialize::wavestate-control/src/wavestate/control/SFLU/test/T_SFLU_DRFPMI.py
  Function::T_SFLU_DRFPMI_working::wavestate-control/src/wavestate/control/SFLU/test/T_SFLU_DRFPMI.py
Module::wavestate-control/src/wavestate/control/SFLU/test/T_SFLU_FC.py::wavestate-control/src/wavestate/control/SFLU/test/T_SFLU_FC.py
  Function::T_SFLU_FP::wavestate-control/src/wavestate/control/SFLU/test/T_SFLU_FC.py
Module::wavestate-control/src/wavestate/control/SFLU/test/T_SFLU_nx.py::wavestate-control/src/wavestate/control/SFLU/test/T_SFLU_nx.py
  Function::T_networkx_basic::wavestate-control/src/wavestate/control/SFLU/test/T_SFLU_nx.py
  Function::T_networkx_SFLU_FP::wavestate-control/src/wavestate/control/SFLU/test/T_SFLU_nx.py
  Function::T_networkx_SFLU_FP2::wavestate-control/src/wavestate/control/SFLU/test/T_SFLU_nx.py
  Function::T_networkx_lg::wavestate-control/src/wavestate/control/SFLU/test/T_SFLU_nx.py
Module::wavestate-control/src/wavestate/control/linear_values/test/T_linear_values.py::wavestate-control/src/wavestate/control/linear_values/test/T_linear_values.py
  Function::T_linear_values::wavestate-control/src/wavestate/control/linear_values/test/T_linear_values.py
Module::wavestate-control/src/wavestate/control/statespace/dense/test/test_IFO_model.py::wavestate-control/src/wavestate/control/statespace/dense/test/test_IFO_model.py
  Function::test_IFO_model::wavestate-control/src/wavestate/control/statespace/dense/test/test_IFO_model.py
  Function::test_reduce::wavestate-control/src/wavestate/control/statespace/dense/test/test_IFO_model.py
  Function::test_reducer2::wavestate-control/src/wavestate/control/statespace/dense/test/test_IFO_model.py
  Function::test_percolate_names::wavestate-control/src/wavestate/control/statespace/dense/test/test_IFO_model.py
  Function::test_controllable::wavestate-control/src/wavestate/control/statespace/dense/test/test_IFO_model.py
  Function::test_controllable_noQRPN::wavestate-control/src/wavestate/control/statespace/dense/test/test_IFO_model.py
  Function::test_save::wavestate-control/src/wavestate/control/statespace/dense/test/test_IFO_model.py
Module::wavestate-control/src/wavestate/control/statespace/dense/test/test_SS_algorithms.py::wavestate-control/src/wavestate/control/statespace/dense/test/test_SS_algorithms.py
  Function::test_ABCDE::wavestate-control/src/wavestate/control/statespace/dense/test/test_SS_algorithms.py
  Function::test_2x2_ABCDE_c2r::wavestate-control/src/wavestate/control/statespace/dense/test/test_SS_algorithms.py
  Function::test_eig_snip::wavestate-control/src/wavestate/control/statespace/dense/test/test_SS_algorithms.py
Module::wavestate-control/src/wavestate/control/statespace/dense/test/test_SS_models.py::wavestate-control/src/wavestate/control/statespace/dense/test/test_SS_models.py
  Function::test_xfers::wavestate-control/src/wavestate/control/statespace/dense/test/test_SS_models.py
  Function::test_xfers2::wavestate-control/src/wavestate/control/statespace/dense/test/test_SS_models.py
  Function::test_xfers12::wavestate-control/src/wavestate/control/statespace/dense/test/test_SS_models.py
  Function::test_xfers22::wavestate-control/src/wavestate/control/statespace/dense/test/test_SS_models.py
  Function::test_xfers2i::wavestate-control/src/wavestate/control/statespace/dense/test/test_SS_models.py
Module::wavestate-control/src/wavestate/control/statespace/dense/test/test_delay.py::wavestate-control/src/wavestate/control/statespace/dense/test/test_delay.py
  Function::test_delay::wavestate-control/src/wavestate/control/statespace/dense/test/test_delay.py
  Function::test_big_delay::wavestate-control/src/wavestate/control/statespace/dense/test/test_delay.py
Module::wavestate-control/src/wavestate/control/statespace/dense/test/test_escher.py::wavestate-control/src/wavestate/control/statespace/dense/test/test_escher.py
  Function::test_slycotSS::wavestate-control/src/wavestate/control/statespace/dense/test/test_escher.py
  Function::test_rescale_slycot::wavestate-control/src/wavestate/control/statespace/dense/test/test_escher.py
Module::wavestate-control/src/wavestate/control/statespace/dense/test/test_matrix.py::wavestate-control/src/wavestate/control/statespace/dense/test/test_matrix.py
  Function::test_QRH::wavestate-control/src/wavestate/control/statespace/dense/test/test_matrix.py
  Function::test_QRHpivot::wavestate-control/src/wavestate/control/statespace/dense/test/test_matrix.py
Module::wavestate-control/src/wavestate/control/statespace/dense/test/test_minreal.py::wavestate-control/src/wavestate/control/statespace/dense/test/test_minreal.py
  Function::test_controllable::wavestate-control/src/wavestate/control/statespace/dense/test/test_minreal.py
  Function::test_controllable_octave::wavestate-control/src/wavestate/control/statespace/dense/test/test_minreal.py
  Function::test_controllable_matlab::wavestate-control/src/wavestate/control/statespace/dense/test/test_minreal.py
  Function::test_controllable_slycotDSS::wavestate-control/src/wavestate/control/statespace/dense/test/test_minreal.py
  Function::test_controllable_slycotSS::wavestate-control/src/wavestate/control/statespace/dense/test/test_minreal.py
  Function::test_controllable_slycot::wavestate-control/src/wavestate/control/statespace/dense/test/test_minreal.py
  Function::test_controllable_guptri::wavestate-control/src/wavestate/control/statespace/dense/test/test_minreal.py
  Function::test_controllable_slycot_xfer::wavestate-control/src/wavestate/control/statespace/dense/test/test_minreal.py
  Function::test_controllable_guptri2::wavestate-control/src/wavestate/control/statespace/dense/test/test_minreal.py
Module::wavestate-control/src/wavestate/control/statespace/test/test_electronics.py::wavestate-control/src/wavestate/control/statespace/test/test_electronics.py
  Function::test_opamp::wavestate-control/src/wavestate/control/statespace/test/test_electronics.py
  Function::test_opamp_fb::wavestate-control/src/wavestate/control/statespace/test/test_electronics.py
Module::wavestate-control/src/wavestate/control/statespace/test/test_lqe.py::wavestate-control/src/wavestate/control/statespace/test/test_lqe.py
  Function::test_lqe1::wavestate-control/src/wavestate/control/statespace/test/test_lqe.py
  Function::test_lqe2::wavestate-control/src/wavestate/control/statespace/test/test_lqe.py
Module::wavestate-control/src/wavestate/control/statespace/test/test_reduce.py::wavestate-control/src/wavestate/control/statespace/test/test_reduce.py
  Function::test_reduce_ladder::wavestate-control/src/wavestate/control/statespace/test/test_reduce.py
  Function::test_reduce_double::wavestate-control/src/wavestate/control/statespace/test/test_reduce.py
  Function::test_reduce_loop::wavestate-control/src/wavestate/control/statespace/test/test_reduce.py
  Function::test_reduce_loop2::wavestate-control/src/wavestate/control/statespace/test/test_reduce.py
Module::wavestate-control/src/wavestate/control/statespace/test/test_statespace.py::wavestate-control/src/wavestate/control/statespace/test/test_statespace.py
  Function::test_ACE_tupleize::wavestate-control/src/wavestate/control/statespace/test/test_statespace.py
  Function::test_xfers_ACE::wavestate-control/src/wavestate/control/statespace/test/test_statespace.py
  Function::test_reducer::wavestate-control/src/wavestate/control/statespace/test/test_statespace.py
Module::wavestate-declarative/test/test_properties.py::wavestate-declarative/test/test_properties.py
  Function::test_mproperty::wavestate-declarative/test/test_properties.py
Module::wavestate-declarative/test/argparse/test_args.py::wavestate-declarative/test/argparse/test_args.py
  Function::test_args::wavestate-declarative/test/argparse/test_args.py
Module::wavestate-devel/src/wavestate/devel/LCT/1D/test/T_LCT.py::wavestate-devel/src/wavestate/devel/LCT/1D/test/T_LCT.py
  Function::T_light_tube::wavestate-devel/src/wavestate/devel/LCT/1D/test/T_LCT.py
Module::wavestate-epics-autocas/src/wavestate/epics/autocas/config/pytoml/test/test_parser.py::wavestate-epics-autocas/src/wavestate/epics/autocas/config/pytoml/test/test_parser.py
  Function::test_name_of_fileobj_is_used_in_errors::wavestate-epics-autocas/src/wavestate/epics/autocas/config/pytoml/test/test_parser.py
  Function::test_when_fileobj_has_no_name_attr_then_repr_of_fileobj_is_used_in_errors::wavestate-epics-autocas/src/wavestate/epics/autocas/config/pytoml/test/test_parser.py
Module::wavestate-epics-autocas/src/wavestate/epics/autocas/config/pytoml/test/test_writer.py::wavestate-epics-autocas/src/wavestate/epics/autocas/config/pytoml/test/test_writer.py
  Function::test_attempting_to_write_non_number_floats_raises_error[nan]::wavestate-epics-autocas/src/wavestate/epics/autocas/config/pytoml/test/test_writer.py
  Function::test_attempting_to_write_non_number_floats_raises_error[inf]::wavestate-epics-autocas/src/wavestate/epics/autocas/config/pytoml/test/test_writer.py
  Function::test_attempting_to_write_non_number_floats_raises_error[-inf]::wavestate-epics-autocas/src/wavestate/epics/autocas/config/pytoml/test/test_writer.py
Module::wavestate-ligo-mcculler/src/wavestate/LIGO/mcculler/O4_projections/T_O4projections_spectra.py::wavestate-ligo-mcculler/src/wavestate/LIGO/mcculler/O4_projections/T_O4projections_spectra.py
  Function::test_reference::wavestate-ligo-mcculler/src/wavestate/LIGO/mcculler/O4_projections/T_O4projections_spectra.py
Module::wavestate-ligo-mcculler/src/wavestate/LIGO/mcculler/SQZ_FDL/LHO/T_LHO_FDL_stage2.py::wavestate-ligo-mcculler/src/wavestate/LIGO/mcculler/SQZ_FDL/LHO/T_LHO_FDL_stage2.py
  Function::T_reduced_data::wavestate-ligo-mcculler/src/wavestate/LIGO/mcculler/SQZ_FDL/LHO/T_LHO_FDL_stage2.py
  Function::T_subdivdata::wavestate-ligo-mcculler/src/wavestate/LIGO/mcculler/SQZ_FDL/LHO/T_LHO_FDL_stage2.py
  Function::T_subdiv::wavestate-ligo-mcculler/src/wavestate/LIGO/mcculler/SQZ_FDL/LHO/T_LHO_FDL_stage2.py
  Function::T_subdiv_save::wavestate-ligo-mcculler/src/wavestate/LIGO/mcculler/SQZ_FDL/LHO/T_LHO_FDL_stage2.py
  Function::T_data_save::wavestate-ligo-mcculler/src/wavestate/LIGO/mcculler/SQZ_FDL/LHO/T_LHO_FDL_stage2.py
Module::wavestate-ligo-mcculler/src/wavestate/LIGO/mcculler/SQZ_FDL/LHO/T_LHO_FDL_stage3.py::wavestate-ligo-mcculler/src/wavestate/LIGO/mcculler/SQZ_FDL/LHO/T_LHO_FDL_stage3.py
  Function::test_fit_LO0lp::wavestate-ligo-mcculler/src/wavestate/LIGO/mcculler/SQZ_FDL/LHO/T_LHO_FDL_stage3.py
  Function::test_fit_LO0::wavestate-ligo-mcculler/src/wavestate/LIGO/mcculler/SQZ_FDL/LHO/T_LHO_FDL_stage3.py
  Function::test_fit_LO7g::wavestate-ligo-mcculler/src/wavestate/LIGO/mcculler/SQZ_FDL/LHO/T_LHO_FDL_stage3.py
  Function::test_fit_LO7b::wavestate-ligo-mcculler/src/wavestate/LIGO/mcculler/SQZ_FDL/LHO/T_LHO_FDL_stage3.py
  Function::test_quantum_compare::wavestate-ligo-mcculler/src/wavestate/LIGO/mcculler/SQZ_FDL/LHO/T_LHO_FDL_stage3.py
  Function::test_fitplots::wavestate-ligo-mcculler/src/wavestate/LIGO/mcculler/SQZ_FDL/LHO/T_LHO_FDL_stage3.py
Module::wavestate-ligo-mcculler/src/wavestate/LIGO/mcculler/SQZ_FDL/LHO/T_LHO_FDL_stage3_testing.py::wavestate-ligo-mcculler/src/wavestate/LIGO/mcculler/SQZ_FDL/LHO/T_LHO_FDL_stage3_testing.py
  Function::test_NLG::wavestate-ligo-mcculler/src/wavestate/LIGO/mcculler/SQZ_FDL/LHO/T_LHO_FDL_stage3_testing.py
  Function::test_demod_save::wavestate-ligo-mcculler/src/wavestate/LIGO/mcculler/SQZ_FDL/LHO/T_LHO_FDL_stage3_testing.py
  Function::test_demod::wavestate-ligo-mcculler/src/wavestate/LIGO/mcculler/SQZ_FDL/LHO/T_LHO_FDL_stage3_testing.py
  Function::test_SQL_arm::wavestate-ligo-mcculler/src/wavestate/LIGO/mcculler/SQZ_FDL/LHO/T_LHO_FDL_stage3_testing.py
Module::wavestate-ligo-mcculler/src/wavestate/LIGO/mcculler/SQZ_FDL/LHO/T_gwinc.py::wavestate-ligo-mcculler/src/wavestate/LIGO/mcculler/SQZ_FDL/LHO/T_gwinc.py
  Function::test_CAL_GWINC::wavestate-ligo-mcculler/src/wavestate/LIGO/mcculler/SQZ_FDL/LHO/T_gwinc.py
Package::common::wavestate-ligo-mcculler/src/wavestate/LIGO/mcculler/SQZ_FDL/LHO/common/__init__.py
  Module::T_model_testing.py::wavestate-ligo-mcculler/src/wavestate/LIGO/mcculler/SQZ_FDL/LHO/common/T_model_testing.py
    Function::T_subsub_model::wavestate-ligo-mcculler/src/wavestate/LIGO/mcculler/SQZ_FDL/LHO/common/T_model_testing.py
    Function::T_subsub::wavestate-ligo-mcculler/src/wavestate/LIGO/mcculler/SQZ_FDL/LHO/common/T_model_testing.py
Module::wavestate-ligo-mcculler/src/wavestate/LIGO/mcculler/SQZ_FDL/LLO/T_LLO_FDL_stage3.py::wavestate-ligo-mcculler/src/wavestate/LIGO/mcculler/SQZ_FDL/LLO/T_LLO_FDL_stage3.py
  Function::test_fit_LO0::wavestate-ligo-mcculler/src/wavestate/LIGO/mcculler/SQZ_FDL/LLO/T_LLO_FDL_stage3.py
  Function::test_fit_LO5::wavestate-ligo-mcculler/src/wavestate/LIGO/mcculler/SQZ_FDL/LLO/T_LLO_FDL_stage3.py
  Function::test_fit_LO8::wavestate-ligo-mcculler/src/wavestate/LIGO/mcculler/SQZ_FDL/LLO/T_LLO_FDL_stage3.py
  Function::test_fit_LO13::wavestate-ligo-mcculler/src/wavestate/LIGO/mcculler/SQZ_FDL/LLO/T_LLO_FDL_stage3.py
  Function::test_fit_LO15::wavestate-ligo-mcculler/src/wavestate/LIGO/mcculler/SQZ_FDL/LLO/T_LLO_FDL_stage3.py
  Function::test_fit_LO11::wavestate-ligo-mcculler/src/wavestate/LIGO/mcculler/SQZ_FDL/LLO/T_LLO_FDL_stage3.py
  Function::test_fit_LO10::wavestate-ligo-mcculler/src/wavestate/LIGO/mcculler/SQZ_FDL/LLO/T_LLO_FDL_stage3.py
  Function::test_fit_LO13_nodetune::wavestate-ligo-mcculler/src/wavestate/LIGO/mcculler/SQZ_FDL/LLO/T_LLO_FDL_stage3.py
  Function::test_quantum_compare::wavestate-ligo-mcculler/src/wavestate/LIGO/mcculler/SQZ_FDL/LLO/T_LLO_FDL_stage3.py
  Function::test_fitplots::wavestate-ligo-mcculler/src/wavestate/LIGO/mcculler/SQZ_FDL/LLO/T_LLO_FDL_stage3.py
Module::wavestate-ligo-mcculler/src/wavestate/LIGO/mcculler/SQZ_FDL/LLO/T_LLO_FDL_stage3_para.py::wavestate-ligo-mcculler/src/wavestate/LIGO/mcculler/SQZ_FDL/LLO/T_LLO_FDL_stage3_para.py
  Function::test_fit_model::wavestate-ligo-mcculler/src/wavestate/LIGO/mcculler/SQZ_FDL/LLO/T_LLO_FDL_stage3_para.py
Module::wavestate-ligo-mcculler/src/wavestate/LIGO/mcculler/SQZ_FDL/LLO/T_LLO_FDL_stage3_testing.py::wavestate-ligo-mcculler/src/wavestate/LIGO/mcculler/SQZ_FDL/LLO/T_LLO_FDL_stage3_testing.py
  Function::test_NLG::wavestate-ligo-mcculler/src/wavestate/LIGO/mcculler/SQZ_FDL/LLO/T_LLO_FDL_stage3_testing.py
  Function::test_demod::wavestate-ligo-mcculler/src/wavestate/LIGO/mcculler/SQZ_FDL/LLO/T_LLO_FDL_stage3_testing.py
  Function::test_SQL_arm::wavestate-ligo-mcculler/src/wavestate/LIGO/mcculler/SQZ_FDL/LLO/T_LLO_FDL_stage3_testing.py
Package::common::wavestate-ligo-mcculler/src/wavestate/LIGO/mcculler/SQZ_FDL/LLO/common/__init__.py
  Module::T_model_testing.py::wavestate-ligo-mcculler/src/wavestate/LIGO/mcculler/SQZ_FDL/LLO/common/T_model_testing.py
    Function::T_subsub_model::wavestate-ligo-mcculler/src/wavestate/LIGO/mcculler/SQZ_FDL/LLO/common/T_model_testing.py
    Function::T_subsub::wavestate-ligo-mcculler/src/wavestate/LIGO/mcculler/SQZ_FDL/LLO/common/T_model_testing.py
Module::wavestate-ligo-mcculler/src/wavestate/LIGO/mcculler/SQZ_FDL/OPO_FC_IFO/FC16/T_FC16.py::wavestate-ligo-mcculler/src/wavestate/LIGO/mcculler/SQZ_FDL/OPO_FC_IFO/FC16/T_FC16.py
  Function::T_FC::wavestate-ligo-mcculler/src/wavestate/LIGO/mcculler/SQZ_FDL/OPO_FC_IFO/FC16/T_FC16.py
  Function::T_SQZ_demods::wavestate-ligo-mcculler/src/wavestate/LIGO/mcculler/SQZ_FDL/OPO_FC_IFO/FC16/T_FC16.py
  Function::T_FC_demods::wavestate-ligo-mcculler/src/wavestate/LIGO/mcculler/SQZ_FDL/OPO_FC_IFO/FC16/T_FC16.py
  Function::T_FC_demods2::wavestate-ligo-mcculler/src/wavestate/LIGO/mcculler/SQZ_FDL/OPO_FC_IFO/FC16/T_FC16.py
  Function::T_FC_demods3::wavestate-ligo-mcculler/src/wavestate/LIGO/mcculler/SQZ_FDL/OPO_FC_IFO/FC16/T_FC16.py
Module::wavestate-ligo-mcculler/src/wavestate/LIGO/mcculler/SQZ_FDL/OPO_FC_IFO/FC16/T_FC_IFO16.py::wavestate-ligo-mcculler/src/wavestate/LIGO/mcculler/SQZ_FDL/OPO_FC_IFO/FC16/T_FC_IFO16.py
  Function::T_FC_SQZ::wavestate-ligo-mcculler/src/wavestate/LIGO/mcculler/SQZ_FDL/OPO_FC_IFO/FC16/T_FC_IFO16.py
  Function::T_FC_BW::wavestate-ligo-mcculler/src/wavestate/LIGO/mcculler/SQZ_FDL/OPO_FC_IFO/FC16/T_FC_IFO16.py
  Function::T_IFO_CLF::wavestate-ligo-mcculler/src/wavestate/LIGO/mcculler/SQZ_FDL/OPO_FC_IFO/FC16/T_FC_IFO16.py
  Function::T_IFO_RLF::wavestate-ligo-mcculler/src/wavestate/LIGO/mcculler/SQZ_FDL/OPO_FC_IFO/FC16/T_FC_IFO16.py
  Function::T_FC_RLF::wavestate-ligo-mcculler/src/wavestate/LIGO/mcculler/SQZ_FDL/OPO_FC_IFO/FC16/T_FC_IFO16.py
Module::wavestate-ligo-mcculler/src/wavestate/LIGO/mcculler/SQZ_FDL/OPO_FC_IFO/FC300/T_FC.py::wavestate-ligo-mcculler/src/wavestate/LIGO/mcculler/SQZ_FDL/OPO_FC_IFO/FC300/T_FC.py
  Function::T_FC::wavestate-ligo-mcculler/src/wavestate/LIGO/mcculler/SQZ_FDL/OPO_FC_IFO/FC300/T_FC.py
  Function::T_SQZ_demods::wavestate-ligo-mcculler/src/wavestate/LIGO/mcculler/SQZ_FDL/OPO_FC_IFO/FC300/T_FC.py
  Function::T_FC_demods::wavestate-ligo-mcculler/src/wavestate/LIGO/mcculler/SQZ_FDL/OPO_FC_IFO/FC300/T_FC.py
  Function::T_FC_demods2::wavestate-ligo-mcculler/src/wavestate/LIGO/mcculler/SQZ_FDL/OPO_FC_IFO/FC300/T_FC.py
  Function::T_FC_demods3::wavestate-ligo-mcculler/src/wavestate/LIGO/mcculler/SQZ_FDL/OPO_FC_IFO/FC300/T_FC.py
Module::wavestate-ligo-mcculler/src/wavestate/LIGO/mcculler/SQZ_FDL/OPO_FC_IFO/FC300/T_FC_IFO.py::wavestate-ligo-mcculler/src/wavestate/LIGO/mcculler/SQZ_FDL/OPO_FC_IFO/FC300/T_FC_IFO.py
  Function::T_FC_SQZ::wavestate-ligo-mcculler/src/wavestate/LIGO/mcculler/SQZ_FDL/OPO_FC_IFO/FC300/T_FC_IFO.py
  Function::T_FC_BW::wavestate-ligo-mcculler/src/wavestate/LIGO/mcculler/SQZ_FDL/OPO_FC_IFO/FC300/T_FC_IFO.py
  Function::T_IFO_CLF::wavestate-ligo-mcculler/src/wavestate/LIGO/mcculler/SQZ_FDL/OPO_FC_IFO/FC300/T_FC_IFO.py
  Function::T_IFO_RLF::wavestate-ligo-mcculler/src/wavestate/LIGO/mcculler/SQZ_FDL/OPO_FC_IFO/FC300/T_FC_IFO.py
  Function::T_FC_RLF::wavestate-ligo-mcculler/src/wavestate/LIGO/mcculler/SQZ_FDL/OPO_FC_IFO/FC300/T_FC_IFO.py
Module::wavestate-ligo-mcculler/src/wavestate/LIGO/mcculler/SQZ_FDL/OPO_FC_IFO/FC300/T_FC_IFO_tests.py::wavestate-ligo-mcculler/src/wavestate/LIGO/mcculler/SQZ_FDL/OPO_FC_IFO/FC300/T_FC_IFO_tests.py
  Function::T_test_unitarity::wavestate-ligo-mcculler/src/wavestate/LIGO/mcculler/SQZ_FDL/OPO_FC_IFO/FC300/T_FC_IFO_tests.py
Module::wavestate-ligo-mcculler/src/wavestate/LIGO/mcculler/SQZ_FDL/OPO_FC_IFO/OPO/T_OPO.py::wavestate-ligo-mcculler/src/wavestate/LIGO/mcculler/SQZ_FDL/OPO_FC_IFO/OPO/T_OPO.py
  Function::T_SQZ_PUMP::wavestate-ligo-mcculler/src/wavestate/LIGO/mcculler/SQZ_FDL/OPO_FC_IFO/OPO/T_OPO.py
  Function::T_SQZ_DB6::wavestate-ligo-mcculler/src/wavestate/LIGO/mcculler/SQZ_FDL/OPO_FC_IFO/OPO/T_OPO.py
  Function::T_SQZ_DB6_::wavestate-ligo-mcculler/src/wavestate/LIGO/mcculler/SQZ_FDL/OPO_FC_IFO/OPO/T_OPO.py
  Function::T_SQZ_angle::wavestate-ligo-mcculler/src/wavestate/LIGO/mcculler/SQZ_FDL/OPO_FC_IFO/OPO/T_OPO.py
  Function::T_SQZ_phase_test::wavestate-ligo-mcculler/src/wavestate/LIGO/mcculler/SQZ_FDL/OPO_FC_IFO/OPO/T_OPO.py
  Function::T_SQZ_mPLOT::wavestate-ligo-mcculler/src/wavestate/LIGO/mcculler/SQZ_FDL/OPO_FC_IFO/OPO/T_OPO.py
  Function::T_SQZ_1064detune::wavestate-ligo-mcculler/src/wavestate/LIGO/mcculler/SQZ_FDL/OPO_FC_IFO/OPO/T_OPO.py
  Function::T_SQZ_CLFRLF_phases::wavestate-ligo-mcculler/src/wavestate/LIGO/mcculler/SQZ_FDL/OPO_FC_IFO/OPO/T_OPO.py
  Function::T_SQZ_CLF1Fminmax::wavestate-ligo-mcculler/src/wavestate/LIGO/mcculler/SQZ_FDL/OPO_FC_IFO/OPO/T_OPO.py
  Function::T_SQZ_sensing::wavestate-ligo-mcculler/src/wavestate/LIGO/mcculler/SQZ_FDL/OPO_FC_IFO/OPO/T_OPO.py
  Function::T_SQZ_sensing2::wavestate-ligo-mcculler/src/wavestate/LIGO/mcculler/SQZ_FDL/OPO_FC_IFO/OPO/T_OPO.py
Module::wavestate-ligo-mcculler/src/wavestate/LIGO/mcculler/SQZ_FDL/OPO_FC_IFO/OPO/T_OPO_O3vsO4.py::wavestate-ligo-mcculler/src/wavestate/LIGO/mcculler/SQZ_FDL/OPO_FC_IFO/OPO/T_OPO_O3vsO4.py
  Function::T_OPO::wavestate-ligo-mcculler/src/wavestate/LIGO/mcculler/SQZ_FDL/OPO_FC_IFO/OPO/T_OPO_O3vsO4.py
  Function::T_OPO_O4::wavestate-ligo-mcculler/src/wavestate/LIGO/mcculler/SQZ_FDL/OPO_FC_IFO/OPO/T_OPO_O3vsO4.py
  Function::T_OPO_532::wavestate-ligo-mcculler/src/wavestate/LIGO/mcculler/SQZ_FDL/OPO_FC_IFO/OPO/T_OPO_O3vsO4.py
Package::common::wavestate-ligo-mcculler/src/wavestate/LIGO/mcculler/SQZ_FDL/common/__init__.py
  Module::T_model_testing.py::wavestate-ligo-mcculler/src/wavestate/LIGO/mcculler/SQZ_FDL/common/T_model_testing.py
    Function::T_subsub_model::wavestate-ligo-mcculler/src/wavestate/LIGO/mcculler/SQZ_FDL/common/T_model_testing.py
    Function::T_subsub::wavestate-ligo-mcculler/src/wavestate/LIGO/mcculler/SQZ_FDL/common/T_model_testing.py
Module::wavestate-ligo-mcculler/src/wavestate/LIGO/mcculler/SQZ_FDL/plots/T_paper.py::wavestate-ligo-mcculler/src/wavestate/LIGO/mcculler/SQZ_FDL/plots/T_paper.py
  Function::T_dual::wavestate-ligo-mcculler/src/wavestate/LIGO/mcculler/SQZ_FDL/plots/T_paper.py
  Function::T_Model::wavestate-ligo-mcculler/src/wavestate/LIGO/mcculler/SQZ_FDL/plots/T_paper.py
  Function::T_displacement::wavestate-ligo-mcculler/src/wavestate/LIGO/mcculler/SQZ_FDL/plots/T_paper.py
Module::wavestate-ligo-mcculler/src/wavestate/LIGO/mcculler/SQZ_FDL/plots/T_plots.py::wavestate-ligo-mcculler/src/wavestate/LIGO/mcculler/SQZ_FDL/plots/T_plots.py
  Function::T_LLO::wavestate-ligo-mcculler/src/wavestate/LIGO/mcculler/SQZ_FDL/plots/T_plots.py
  Function::T_LHO_fit::wavestate-ligo-mcculler/src/wavestate/LIGO/mcculler/SQZ_FDL/plots/T_plots.py
  Function::T_LLO_fit::wavestate-ligo-mcculler/src/wavestate/LIGO/mcculler/SQZ_FDL/plots/T_plots.py
  Function::T_LHO::wavestate-ligo-mcculler/src/wavestate/LIGO/mcculler/SQZ_FDL/plots/T_plots.py
  Function::test_SQL_arm::wavestate-ligo-mcculler/src/wavestate/LIGO/mcculler/SQZ_FDL/plots/T_plots.py
Package::common::wavestate-ligo-mcculler/src/wavestate/LIGO/mcculler/SQZ_FDL/plots/common/__init__.py
  Module::T_model_testing.py::wavestate-ligo-mcculler/src/wavestate/LIGO/mcculler/SQZ_FDL/plots/common/T_model_testing.py
    Function::T_subsub_model::wavestate-ligo-mcculler/src/wavestate/LIGO/mcculler/SQZ_FDL/plots/common/T_model_testing.py
    Function::T_subsub::wavestate-ligo-mcculler/src/wavestate/LIGO/mcculler/SQZ_FDL/plots/common/T_model_testing.py
Module::wavestate-ligo-mcculler/src/wavestate/LIGO/mcculler/mirror_maps/T_1Mroc.py::wavestate-ligo-mcculler/src/wavestate/LIGO/mcculler/mirror_maps/T_1Mroc.py
  Function::T_map_1mROC[0]::wavestate-ligo-mcculler/src/wavestate/LIGO/mcculler/mirror_maps/T_1Mroc.py
  Function::T_map_1mROC[90]::wavestate-ligo-mcculler/src/wavestate/LIGO/mcculler/mirror_maps/T_1Mroc.py
  Function::T_map_1mROC[45]::wavestate-ligo-mcculler/src/wavestate/LIGO/mcculler/mirror_maps/T_1Mroc.py
  Function::T_map_1mROC[135]::wavestate-ligo-mcculler/src/wavestate/LIGO/mcculler/mirror_maps/T_1Mroc.py
  Function::T_map_1mROC[225]::wavestate-ligo-mcculler/src/wavestate/LIGO/mcculler/mirror_maps/T_1Mroc.py
Module::wavestate-ligo-mcculler/src/wavestate/LIGO/mcculler/mirror_maps/T_ETM_pointabs.py::wavestate-ligo-mcculler/src/wavestate/LIGO/mcculler/mirror_maps/T_ETM_pointabs.py
  Function::T_map_ETMX10::wavestate-ligo-mcculler/src/wavestate/LIGO/mcculler/mirror_maps/T_ETM_pointabs.py
  Function::T_map_ETM_absorber::wavestate-ligo-mcculler/src/wavestate/LIGO/mcculler/mirror_maps/T_ETM_pointabs.py
Module::wavestate-ligo-mcculler/src/wavestate/LIGO/mcculler/mirror_maps/T_FIM_maps.py::wavestate-ligo-mcculler/src/wavestate/LIGO/mcculler/mirror_maps/T_FIM_maps.py
  Function::T_map_FIM01_scatter::wavestate-ligo-mcculler/src/wavestate/LIGO/mcculler/mirror_maps/T_FIM_maps.py
  Function::T_map_FIM02_scatter::wavestate-ligo-mcculler/src/wavestate/LIGO/mcculler/mirror_maps/T_FIM_maps.py
  Function::T_map_FIM03_scatter::wavestate-ligo-mcculler/src/wavestate/LIGO/mcculler/mirror_maps/T_FIM_maps.py
  Function::T_map_FIM04_scatter::wavestate-ligo-mcculler/src/wavestate/LIGO/mcculler/mirror_maps/T_FIM_maps.py
  Function::T_map_FIM01_phase::wavestate-ligo-mcculler/src/wavestate/LIGO/mcculler/mirror_maps/T_FIM_maps.py
  Function::T_map_FIM02_phase::wavestate-ligo-mcculler/src/wavestate/LIGO/mcculler/mirror_maps/T_FIM_maps.py
  Function::T_map_FIM03_phase::wavestate-ligo-mcculler/src/wavestate/LIGO/mcculler/mirror_maps/T_FIM_maps.py
  Function::T_map_FIM04_phase::wavestate-ligo-mcculler/src/wavestate/LIGO/mcculler/mirror_maps/T_FIM_maps.py
Module::wavestate-ligo-mcculler/src/wavestate/LIGO/mcculler/mirror_maps/T_FIM_maps_2um.py::wavestate-ligo-mcculler/src/wavestate/LIGO/mcculler/mirror_maps/T_FIM_maps_2um.py
  Function::T_map_FIM01_scatter_2um::wavestate-ligo-mcculler/src/wavestate/LIGO/mcculler/mirror_maps/T_FIM_maps_2um.py
  Function::T_map_FIM02_scatter_2um::wavestate-ligo-mcculler/src/wavestate/LIGO/mcculler/mirror_maps/T_FIM_maps_2um.py
  Function::T_map_FIM03_scatter_2um::wavestate-ligo-mcculler/src/wavestate/LIGO/mcculler/mirror_maps/T_FIM_maps_2um.py
  Function::T_map_FIM04_scatter_2um::wavestate-ligo-mcculler/src/wavestate/LIGO/mcculler/mirror_maps/T_FIM_maps_2um.py
  Function::T_map_FIM01_phase_2um::wavestate-ligo-mcculler/src/wavestate/LIGO/mcculler/mirror_maps/T_FIM_maps_2um.py
  Function::T_map_FIM02_phase_2um::wavestate-ligo-mcculler/src/wavestate/LIGO/mcculler/mirror_maps/T_FIM_maps_2um.py
  Function::T_map_FIM03_phase_2um::wavestate-ligo-mcculler/src/wavestate/LIGO/mcculler/mirror_maps/T_FIM_maps_2um.py
  Function::T_map_FIM04_phase_2um::wavestate-ligo-mcculler/src/wavestate/LIGO/mcculler/mirror_maps/T_FIM_maps_2um.py
Module::wavestate-ligo-mcculler/src/wavestate/LIGO/mcculler/mirror_maps/T_ZM2_SN1_maps.py::wavestate-ligo-mcculler/src/wavestate/LIGO/mcculler/mirror_maps/T_ZM2_SN1_maps.py
  Function::T_map_ZM2_SN1_testing::wavestate-ligo-mcculler/src/wavestate/LIGO/mcculler/mirror_maps/T_ZM2_SN1_maps.py
  Function::T_map_ZM2_SN1_set[0]::wavestate-ligo-mcculler/src/wavestate/LIGO/mcculler/mirror_maps/T_ZM2_SN1_maps.py
  Function::T_map_ZM2_SN1_set[45]::wavestate-ligo-mcculler/src/wavestate/LIGO/mcculler/mirror_maps/T_ZM2_SN1_maps.py
  Function::T_map_ZM2_SN1_set[90]::wavestate-ligo-mcculler/src/wavestate/LIGO/mcculler/mirror_maps/T_ZM2_SN1_maps.py
  Function::T_map_ZM2_SN1_set[135]::wavestate-ligo-mcculler/src/wavestate/LIGO/mcculler/mirror_maps/T_ZM2_SN1_maps.py
  Function::T_map_ZM2_SN1_set[225]::wavestate-ligo-mcculler/src/wavestate/LIGO/mcculler/mirror_maps/T_ZM2_SN1_maps.py
  Function::T_map_ZM2_SN1_cmn[0]::wavestate-ligo-mcculler/src/wavestate/LIGO/mcculler/mirror_maps/T_ZM2_SN1_maps.py
  Function::T_map_ZM2_SN1_cmn[45]::wavestate-ligo-mcculler/src/wavestate/LIGO/mcculler/mirror_maps/T_ZM2_SN1_maps.py
  Function::T_map_ZM2_SN1_cmn[135]::wavestate-ligo-mcculler/src/wavestate/LIGO/mcculler/mirror_maps/T_ZM2_SN1_maps.py
  Function::T_map_ZM2_SN1_diff[0]::wavestate-ligo-mcculler/src/wavestate/LIGO/mcculler/mirror_maps/T_ZM2_SN1_maps.py
  Function::T_map_ZM2_SN1_diff[45]::wavestate-ligo-mcculler/src/wavestate/LIGO/mcculler/mirror_maps/T_ZM2_SN1_maps.py
  Function::T_map_ZM2_SN1_diff[135]::wavestate-ligo-mcculler/src/wavestate/LIGO/mcculler/mirror_maps/T_ZM2_SN1_maps.py
  Function::T_map_ZM2_SN1_set_170821[0]::wavestate-ligo-mcculler/src/wavestate/LIGO/mcculler/mirror_maps/T_ZM2_SN1_maps.py
  Function::T_map_ZM2_SN1_set_170821[45]::wavestate-ligo-mcculler/src/wavestate/LIGO/mcculler/mirror_maps/T_ZM2_SN1_maps.py
  Function::T_map_ZM2_SN1_set_170821[90]::wavestate-ligo-mcculler/src/wavestate/LIGO/mcculler/mirror_maps/T_ZM2_SN1_maps.py
  Function::T_map_ZM2_SN1_set_170821[135]::wavestate-ligo-mcculler/src/wavestate/LIGO/mcculler/mirror_maps/T_ZM2_SN1_maps.py
  Function::T_map_ZM2_SN1_set_170821[225]::wavestate-ligo-mcculler/src/wavestate/LIGO/mcculler/mirror_maps/T_ZM2_SN1_maps.py
  Function::T_map_ZM2_SN1_cmn_170821[0]::wavestate-ligo-mcculler/src/wavestate/LIGO/mcculler/mirror_maps/T_ZM2_SN1_maps.py
  Function::T_map_ZM2_SN1_cmn_170821[45]::wavestate-ligo-mcculler/src/wavestate/LIGO/mcculler/mirror_maps/T_ZM2_SN1_maps.py
  Function::T_map_ZM2_SN1_cmn_170821[135]::wavestate-ligo-mcculler/src/wavestate/LIGO/mcculler/mirror_maps/T_ZM2_SN1_maps.py
  Function::T_map_ZM2_SN1_diff_170821[0]::wavestate-ligo-mcculler/src/wavestate/LIGO/mcculler/mirror_maps/T_ZM2_SN1_maps.py
  Function::T_map_ZM2_SN1_diff_170821[45]::wavestate-ligo-mcculler/src/wavestate/LIGO/mcculler/mirror_maps/T_ZM2_SN1_maps.py
  Function::T_map_ZM2_SN1_diff_170821[135]::wavestate-ligo-mcculler/src/wavestate/LIGO/mcculler/mirror_maps/T_ZM2_SN1_maps.py
Module::wavestate-ligo-mcculler/src/wavestate/LIGO/mcculler/mirror_maps/T_ZM2_SN2.py::wavestate-ligo-mcculler/src/wavestate/LIGO/mcculler/mirror_maps/T_ZM2_SN2.py
  Function::T_map_ZM2_SN2_series[0]::wavestate-ligo-mcculler/src/wavestate/LIGO/mcculler/mirror_maps/T_ZM2_SN2.py
  Function::T_map_ZM2_SN2_series[90]::wavestate-ligo-mcculler/src/wavestate/LIGO/mcculler/mirror_maps/T_ZM2_SN2.py
  Function::T_map_ZM2_SN2_series[45]::wavestate-ligo-mcculler/src/wavestate/LIGO/mcculler/mirror_maps/T_ZM2_SN2.py
  Function::T_map_ZM2_SN2_series[135]::wavestate-ligo-mcculler/src/wavestate/LIGO/mcculler/mirror_maps/T_ZM2_SN2.py
  Function::T_map_ZM2_SN2_series[225]::wavestate-ligo-mcculler/src/wavestate/LIGO/mcculler/mirror_maps/T_ZM2_SN2.py
  Function::T_map_ZM2_SN2_series2[0]::wavestate-ligo-mcculler/src/wavestate/LIGO/mcculler/mirror_maps/T_ZM2_SN2.py
  Function::T_map_ZM2_SN2_series2[90]::wavestate-ligo-mcculler/src/wavestate/LIGO/mcculler/mirror_maps/T_ZM2_SN2.py
  Function::T_map_ZM2_SN2_series2[45]::wavestate-ligo-mcculler/src/wavestate/LIGO/mcculler/mirror_maps/T_ZM2_SN2.py
  Function::T_map_ZM2_SN2_series2[135]::wavestate-ligo-mcculler/src/wavestate/LIGO/mcculler/mirror_maps/T_ZM2_SN2.py
  Function::T_map_ZM2_SN2_series2[225]::wavestate-ligo-mcculler/src/wavestate/LIGO/mcculler/mirror_maps/T_ZM2_SN2.py
Module::wavestate-ligo-mcculler/src/wavestate/LIGO/mcculler/mirror_maps/T_ZM2_SN3_maps.py::wavestate-ligo-mcculler/src/wavestate/LIGO/mcculler/mirror_maps/T_ZM2_SN3_maps.py
  Function::T_map_ZM2_SN3::wavestate-ligo-mcculler/src/wavestate/LIGO/mcculler/mirror_maps/T_ZM2_SN3_maps.py
  Function::T_map_ZM2_SN3_series[1]::wavestate-ligo-mcculler/src/wavestate/LIGO/mcculler/mirror_maps/T_ZM2_SN3_maps.py
  Function::T_map_ZM2_SN3_series[2]::wavestate-ligo-mcculler/src/wavestate/LIGO/mcculler/mirror_maps/T_ZM2_SN3_maps.py
  Function::T_map_ZM2_SN3_series[3]::wavestate-ligo-mcculler/src/wavestate/LIGO/mcculler/mirror_maps/T_ZM2_SN3_maps.py
  Function::T_map_ZM2_SN3_series[4]::wavestate-ligo-mcculler/src/wavestate/LIGO/mcculler/mirror_maps/T_ZM2_SN3_maps.py
  Function::T_map_ZM2_SN3_cmn::wavestate-ligo-mcculler/src/wavestate/LIGO/mcculler/mirror_maps/T_ZM2_SN3_maps.py
  Function::T_map_ZM2_SN3_diff::wavestate-ligo-mcculler/src/wavestate/LIGO/mcculler/mirror_maps/T_ZM2_SN3_maps.py
  Function::T_map_ZM2_SN3_series2[1]::wavestate-ligo-mcculler/src/wavestate/LIGO/mcculler/mirror_maps/T_ZM2_SN3_maps.py
  Function::T_map_ZM2_SN3_series2[2]::wavestate-ligo-mcculler/src/wavestate/LIGO/mcculler/mirror_maps/T_ZM2_SN3_maps.py
  Function::T_map_ZM2_SN3_series2[3]::wavestate-ligo-mcculler/src/wavestate/LIGO/mcculler/mirror_maps/T_ZM2_SN3_maps.py
  Function::T_map_ZM2_SN3_series2[4]::wavestate-ligo-mcculler/src/wavestate/LIGO/mcculler/mirror_maps/T_ZM2_SN3_maps.py
  Function::T_map_ZM2_SN3_cmn2::wavestate-ligo-mcculler/src/wavestate/LIGO/mcculler/mirror_maps/T_ZM2_SN3_maps.py
  Function::T_map_ZM2_SN3_diff2::wavestate-ligo-mcculler/src/wavestate/LIGO/mcculler/mirror_maps/T_ZM2_SN3_maps.py
Module::wavestate-ligo-mcculler/src/wavestate/LIGO/mcculler/mirror_maps/T_ZM4_maps.py::wavestate-ligo-mcculler/src/wavestate/LIGO/mcculler/mirror_maps/T_ZM4_maps.py
  Function::T_map_ZM4_SN1_series[00V]::wavestate-ligo-mcculler/src/wavestate/LIGO/mcculler/mirror_maps/T_ZM4_maps.py
  Function::T_map_ZM4_SN1_series[10V]::wavestate-ligo-mcculler/src/wavestate/LIGO/mcculler/mirror_maps/T_ZM4_maps.py
  Function::T_map_ZM4_SN1_series[20V]::wavestate-ligo-mcculler/src/wavestate/LIGO/mcculler/mirror_maps/T_ZM4_maps.py
  Function::T_map_ZM4_SN1_series[30V]::wavestate-ligo-mcculler/src/wavestate/LIGO/mcculler/mirror_maps/T_ZM4_maps.py
  Function::T_map_ZM4_SN1_series[40V]::wavestate-ligo-mcculler/src/wavestate/LIGO/mcculler/mirror_maps/T_ZM4_maps.py
  Function::T_map_ZM4_SN1_series[50V]::wavestate-ligo-mcculler/src/wavestate/LIGO/mcculler/mirror_maps/T_ZM4_maps.py
  Function::T_map_ZM4_SN1_series[60V]::wavestate-ligo-mcculler/src/wavestate/LIGO/mcculler/mirror_maps/T_ZM4_maps.py
  Function::T_map_ZM4_SN1_series[70V]::wavestate-ligo-mcculler/src/wavestate/LIGO/mcculler/mirror_maps/T_ZM4_maps.py
  Function::T_map_ZM4_SN1_series[80V]::wavestate-ligo-mcculler/src/wavestate/LIGO/mcculler/mirror_maps/T_ZM4_maps.py
  Function::T_map_ZM4_SN1_series[90V]::wavestate-ligo-mcculler/src/wavestate/LIGO/mcculler/mirror_maps/T_ZM4_maps.py
  Function::T_map_ZM4_SN1_series[100V]::wavestate-ligo-mcculler/src/wavestate/LIGO/mcculler/mirror_maps/T_ZM4_maps.py
  Function::T_map_ZM4_SN1_series[110V]::wavestate-ligo-mcculler/src/wavestate/LIGO/mcculler/mirror_maps/T_ZM4_maps.py
  Function::T_map_ZM4_SN1_series[120V]::wavestate-ligo-mcculler/src/wavestate/LIGO/mcculler/mirror_maps/T_ZM4_maps.py
  Function::T_map_ZM4_SN1_series[130V]::wavestate-ligo-mcculler/src/wavestate/LIGO/mcculler/mirror_maps/T_ZM4_maps.py
  Function::T_map_ZM4_SN1_series[140V]::wavestate-ligo-mcculler/src/wavestate/LIGO/mcculler/mirror_maps/T_ZM4_maps.py
  Function::T_map_ZM4_SN1_series[150V]::wavestate-ligo-mcculler/src/wavestate/LIGO/mcculler/mirror_maps/T_ZM4_maps.py
  Function::T_map_ZM4_SN1_series[160V]::wavestate-ligo-mcculler/src/wavestate/LIGO/mcculler/mirror_maps/T_ZM4_maps.py
  Function::T_map_ZM4_SN1_series[170V]::wavestate-ligo-mcculler/src/wavestate/LIGO/mcculler/mirror_maps/T_ZM4_maps.py
  Function::T_map_ZM4_SN1_series[180V]::wavestate-ligo-mcculler/src/wavestate/LIGO/mcculler/mirror_maps/T_ZM4_maps.py
  Function::T_map_ZM4_SN1_series[190V]::wavestate-ligo-mcculler/src/wavestate/LIGO/mcculler/mirror_maps/T_ZM4_maps.py
  Function::T_map_ZM4_SN1_series[200V]::wavestate-ligo-mcculler/src/wavestate/LIGO/mcculler/mirror_maps/T_ZM4_maps.py
  Function::T_map_ZM4_SN2_series[00V]::wavestate-ligo-mcculler/src/wavestate/LIGO/mcculler/mirror_maps/T_ZM4_maps.py
  Function::T_map_ZM4_SN2_series[10V]::wavestate-ligo-mcculler/src/wavestate/LIGO/mcculler/mirror_maps/T_ZM4_maps.py
  Function::T_map_ZM4_SN2_series[20V]::wavestate-ligo-mcculler/src/wavestate/LIGO/mcculler/mirror_maps/T_ZM4_maps.py
  Function::T_map_ZM4_SN2_series[30V]::wavestate-ligo-mcculler/src/wavestate/LIGO/mcculler/mirror_maps/T_ZM4_maps.py
  Function::T_map_ZM4_SN2_series[40V]::wavestate-ligo-mcculler/src/wavestate/LIGO/mcculler/mirror_maps/T_ZM4_maps.py
  Function::T_map_ZM4_SN2_series[50V]::wavestate-ligo-mcculler/src/wavestate/LIGO/mcculler/mirror_maps/T_ZM4_maps.py
  Function::T_map_ZM4_SN2_series[60V]::wavestate-ligo-mcculler/src/wavestate/LIGO/mcculler/mirror_maps/T_ZM4_maps.py
  Function::T_map_ZM4_SN2_series[70V]::wavestate-ligo-mcculler/src/wavestate/LIGO/mcculler/mirror_maps/T_ZM4_maps.py
  Function::T_map_ZM4_SN2_series[80V]::wavestate-ligo-mcculler/src/wavestate/LIGO/mcculler/mirror_maps/T_ZM4_maps.py
  Function::T_map_ZM4_SN2_series[90V]::wavestate-ligo-mcculler/src/wavestate/LIGO/mcculler/mirror_maps/T_ZM4_maps.py
  Function::T_map_ZM4_SN2_series[100V]::wavestate-ligo-mcculler/src/wavestate/LIGO/mcculler/mirror_maps/T_ZM4_maps.py
  Function::T_map_ZM4_SN2_series[110V]::wavestate-ligo-mcculler/src/wavestate/LIGO/mcculler/mirror_maps/T_ZM4_maps.py
  Function::T_map_ZM4_SN2_series[120V]::wavestate-ligo-mcculler/src/wavestate/LIGO/mcculler/mirror_maps/T_ZM4_maps.py
  Function::T_map_ZM4_SN2_series[130V]::wavestate-ligo-mcculler/src/wavestate/LIGO/mcculler/mirror_maps/T_ZM4_maps.py
  Function::T_map_ZM4_SN2_series[140V]::wavestate-ligo-mcculler/src/wavestate/LIGO/mcculler/mirror_maps/T_ZM4_maps.py
  Function::T_map_ZM4_SN2_series[150V]::wavestate-ligo-mcculler/src/wavestate/LIGO/mcculler/mirror_maps/T_ZM4_maps.py
  Function::T_map_ZM4_SN2_series[160V]::wavestate-ligo-mcculler/src/wavestate/LIGO/mcculler/mirror_maps/T_ZM4_maps.py
  Function::T_map_ZM4_SN2_series[170V]::wavestate-ligo-mcculler/src/wavestate/LIGO/mcculler/mirror_maps/T_ZM4_maps.py
  Function::T_map_ZM4_SN2_series[180V]::wavestate-ligo-mcculler/src/wavestate/LIGO/mcculler/mirror_maps/T_ZM4_maps.py
  Function::T_map_ZM4_SN2_series[190V]::wavestate-ligo-mcculler/src/wavestate/LIGO/mcculler/mirror_maps/T_ZM4_maps.py
  Function::T_map_ZM4_SN2_series[195V]::wavestate-ligo-mcculler/src/wavestate/LIGO/mcculler/mirror_maps/T_ZM4_maps.py
  Function::T_map_ZM4_SN2_series_dn[00V]::wavestate-ligo-mcculler/src/wavestate/LIGO/mcculler/mirror_maps/T_ZM4_maps.py
  Function::T_map_ZM4_SN2_series_dn[10V]::wavestate-ligo-mcculler/src/wavestate/LIGO/mcculler/mirror_maps/T_ZM4_maps.py
  Function::T_map_ZM4_SN2_series_dn[20V]::wavestate-ligo-mcculler/src/wavestate/LIGO/mcculler/mirror_maps/T_ZM4_maps.py
  Function::T_map_ZM4_SN2_series_dn[30V]::wavestate-ligo-mcculler/src/wavestate/LIGO/mcculler/mirror_maps/T_ZM4_maps.py
  Function::T_map_ZM4_SN2_series_dn[40V]::wavestate-ligo-mcculler/src/wavestate/LIGO/mcculler/mirror_maps/T_ZM4_maps.py
  Function::T_map_ZM4_SN2_series_dn[50V]::wavestate-ligo-mcculler/src/wavestate/LIGO/mcculler/mirror_maps/T_ZM4_maps.py
  Function::T_map_ZM4_SN2_series_dn[60V]::wavestate-ligo-mcculler/src/wavestate/LIGO/mcculler/mirror_maps/T_ZM4_maps.py
  Function::T_map_ZM4_SN2_series_dn[70V]::wavestate-ligo-mcculler/src/wavestate/LIGO/mcculler/mirror_maps/T_ZM4_maps.py
  Function::T_map_ZM4_SN2_series_dn[80V]::wavestate-ligo-mcculler/src/wavestate/LIGO/mcculler/mirror_maps/T_ZM4_maps.py
  Function::T_map_ZM4_SN2_series_dn[90V]::wavestate-ligo-mcculler/src/wavestate/LIGO/mcculler/mirror_maps/T_ZM4_maps.py
  Function::T_map_ZM4_SN2_series_dn[100V]::wavestate-ligo-mcculler/src/wavestate/LIGO/mcculler/mirror_maps/T_ZM4_maps.py
  Function::T_map_ZM4_SN2_series_dn[110V]::wavestate-ligo-mcculler/src/wavestate/LIGO/mcculler/mirror_maps/T_ZM4_maps.py
  Function::T_map_ZM4_SN2_series_dn[120V]::wavestate-ligo-mcculler/src/wavestate/LIGO/mcculler/mirror_maps/T_ZM4_maps.py
  Function::T_map_ZM4_SN2_series_dn[130V]::wavestate-ligo-mcculler/src/wavestate/LIGO/mcculler/mirror_maps/T_ZM4_maps.py
  Function::T_map_ZM4_SN2_series_dn[140V]::wavestate-ligo-mcculler/src/wavestate/LIGO/mcculler/mirror_maps/T_ZM4_maps.py
  Function::T_map_ZM4_SN2_series_dn[150V]::wavestate-ligo-mcculler/src/wavestate/LIGO/mcculler/mirror_maps/T_ZM4_maps.py
  Function::T_map_ZM4_SN2_series_dn[160V]::wavestate-ligo-mcculler/src/wavestate/LIGO/mcculler/mirror_maps/T_ZM4_maps.py
  Function::T_map_ZM4_SN2_series_dn[170V]::wavestate-ligo-mcculler/src/wavestate/LIGO/mcculler/mirror_maps/T_ZM4_maps.py
  Function::T_map_ZM4_SN2_series_dn[180V]::wavestate-ligo-mcculler/src/wavestate/LIGO/mcculler/mirror_maps/T_ZM4_maps.py
  Function::T_map_ZM4_SN2_series_dn[190V]::wavestate-ligo-mcculler/src/wavestate/LIGO/mcculler/mirror_maps/T_ZM4_maps.py
  Function::T_map_ZM4_SN2_series_dn[195V]::wavestate-ligo-mcculler/src/wavestate/LIGO/mcculler/mirror_maps/T_ZM4_maps.py
  Function::T_map_ZM4_SN3_series[00V]::wavestate-ligo-mcculler/src/wavestate/LIGO/mcculler/mirror_maps/T_ZM4_maps.py
  Function::T_map_ZM4_SN3_series[10V]::wavestate-ligo-mcculler/src/wavestate/LIGO/mcculler/mirror_maps/T_ZM4_maps.py
  Function::T_map_ZM4_SN3_series[20V]::wavestate-ligo-mcculler/src/wavestate/LIGO/mcculler/mirror_maps/T_ZM4_maps.py
  Function::T_map_ZM4_SN3_series[30V]::wavestate-ligo-mcculler/src/wavestate/LIGO/mcculler/mirror_maps/T_ZM4_maps.py
  Function::T_map_ZM4_SN3_series[40V]::wavestate-ligo-mcculler/src/wavestate/LIGO/mcculler/mirror_maps/T_ZM4_maps.py
  Function::T_map_ZM4_SN3_series[50V]::wavestate-ligo-mcculler/src/wavestate/LIGO/mcculler/mirror_maps/T_ZM4_maps.py
  Function::T_map_ZM4_SN3_series[60V]::wavestate-ligo-mcculler/src/wavestate/LIGO/mcculler/mirror_maps/T_ZM4_maps.py
  Function::T_map_ZM4_SN3_series[70V]::wavestate-ligo-mcculler/src/wavestate/LIGO/mcculler/mirror_maps/T_ZM4_maps.py
  Function::T_map_ZM4_SN3_series[80V]::wavestate-ligo-mcculler/src/wavestate/LIGO/mcculler/mirror_maps/T_ZM4_maps.py
  Function::T_map_ZM4_SN3_series[90V]::wavestate-ligo-mcculler/src/wavestate/LIGO/mcculler/mirror_maps/T_ZM4_maps.py
  Function::T_map_ZM4_SN3_series[100V]::wavestate-ligo-mcculler/src/wavestate/LIGO/mcculler/mirror_maps/T_ZM4_maps.py
  Function::T_map_ZM4_SN3_series[110V]::wavestate-ligo-mcculler/src/wavestate/LIGO/mcculler/mirror_maps/T_ZM4_maps.py
  Function::T_map_ZM4_SN3_series[120V]::wavestate-ligo-mcculler/src/wavestate/LIGO/mcculler/mirror_maps/T_ZM4_maps.py
  Function::T_map_ZM4_SN3_series[130V]::wavestate-ligo-mcculler/src/wavestate/LIGO/mcculler/mirror_maps/T_ZM4_maps.py
  Function::T_map_ZM4_SN3_series[140V]::wavestate-ligo-mcculler/src/wavestate/LIGO/mcculler/mirror_maps/T_ZM4_maps.py
  Function::T_map_ZM4_SN3_series[150V]::wavestate-ligo-mcculler/src/wavestate/LIGO/mcculler/mirror_maps/T_ZM4_maps.py
  Function::T_map_ZM4_SN3_series[160V]::wavestate-ligo-mcculler/src/wavestate/LIGO/mcculler/mirror_maps/T_ZM4_maps.py
  Function::T_map_ZM4_SN3_series[170V]::wavestate-ligo-mcculler/src/wavestate/LIGO/mcculler/mirror_maps/T_ZM4_maps.py
  Function::T_map_ZM4_SN3_series[180V]::wavestate-ligo-mcculler/src/wavestate/LIGO/mcculler/mirror_maps/T_ZM4_maps.py
  Function::T_map_ZM4_SN3_series[190V]::wavestate-ligo-mcculler/src/wavestate/LIGO/mcculler/mirror_maps/T_ZM4_maps.py
  Function::T_map_ZM4_SN3_series[200V]::wavestate-ligo-mcculler/src/wavestate/LIGO/mcculler/mirror_maps/T_ZM4_maps.py
Module::wavestate-ligo-mcculler/src/wavestate/LIGO/mcculler/mirror_maps/T_ZM5.py::wavestate-ligo-mcculler/src/wavestate/LIGO/mcculler/mirror_maps/T_ZM5.py
  Function::T_ZM5_SN2::wavestate-ligo-mcculler/src/wavestate/LIGO/mcculler/mirror_maps/T_ZM5.py
Module::wavestate-ligo-mcculler/src/wavestate/LIGO/mcculler/mirror_maps/T_ZM5_maps.py::wavestate-ligo-mcculler/src/wavestate/LIGO/mcculler/mirror_maps/T_ZM5_maps.py
  Function::T_map_ZM5_phase::wavestate-ligo-mcculler/src/wavestate/LIGO/mcculler/mirror_maps/T_ZM5_maps.py
  Function::T_map_ZM5_SN4_100V::wavestate-ligo-mcculler/src/wavestate/LIGO/mcculler/mirror_maps/T_ZM5_maps.py
  Function::T_map_ZM5_SN4_200V::wavestate-ligo-mcculler/src/wavestate/LIGO/mcculler/mirror_maps/T_ZM5_maps.py
  Function::T_map_ZM2_SN1_100V::wavestate-ligo-mcculler/src/wavestate/LIGO/mcculler/mirror_maps/T_ZM5_maps.py
  Function::T_map_ZM2_SN1_200V::wavestate-ligo-mcculler/src/wavestate/LIGO/mcculler/mirror_maps/T_ZM5_maps.py
  Function::T_map_ZM2_SN1_100V90::wavestate-ligo-mcculler/src/wavestate/LIGO/mcculler/mirror_maps/T_ZM5_maps.py
  Function::T_map_ZM2_SN1_100V90_sym::wavestate-ligo-mcculler/src/wavestate/LIGO/mcculler/mirror_maps/T_ZM5_maps.py
  Function::T_map_ZM2_SN1_100V90_asym::wavestate-ligo-mcculler/src/wavestate/LIGO/mcculler/mirror_maps/T_ZM5_maps.py
  Function::T_map_ZM2_SN1_100series[1]::wavestate-ligo-mcculler/src/wavestate/LIGO/mcculler/mirror_maps/T_ZM5_maps.py
  Function::T_map_ZM2_SN1_100series[2]::wavestate-ligo-mcculler/src/wavestate/LIGO/mcculler/mirror_maps/T_ZM5_maps.py
  Function::T_map_ZM2_SN1_100series[3]::wavestate-ligo-mcculler/src/wavestate/LIGO/mcculler/mirror_maps/T_ZM5_maps.py
  Function::T_map_ZM2_SN1_100series[4]::wavestate-ligo-mcculler/src/wavestate/LIGO/mcculler/mirror_maps/T_ZM5_maps.py
  Function::T_map_ZM2_SN1_100series[5]::wavestate-ligo-mcculler/src/wavestate/LIGO/mcculler/mirror_maps/T_ZM5_maps.py
  Function::T_map_ZM2_SN1_100series[6]::wavestate-ligo-mcculler/src/wavestate/LIGO/mcculler/mirror_maps/T_ZM5_maps.py
  Function::T_map_ZM2_SN1_100series[7]::wavestate-ligo-mcculler/src/wavestate/LIGO/mcculler/mirror_maps/T_ZM5_maps.py
  Function::T_map_ZM2_SN1_100series[8]::wavestate-ligo-mcculler/src/wavestate/LIGO/mcculler/mirror_maps/T_ZM5_maps.py
  Function::T_map_ZM2_SN1_100seriesSUM[0]::wavestate-ligo-mcculler/src/wavestate/LIGO/mcculler/mirror_maps/T_ZM5_maps.py
  Function::T_map_ZM2_SN1_100seriesSUM[1]::wavestate-ligo-mcculler/src/wavestate/LIGO/mcculler/mirror_maps/T_ZM5_maps.py
  Function::T_map_ZM2_SN1_100seriesSUM[4]::wavestate-ligo-mcculler/src/wavestate/LIGO/mcculler/mirror_maps/T_ZM5_maps.py
  Function::T_map_ZM2_SN1_100seriesSUM[5]::wavestate-ligo-mcculler/src/wavestate/LIGO/mcculler/mirror_maps/T_ZM5_maps.py
  Function::T_map_ZM2_SN1_100seriesDIFF[0]::wavestate-ligo-mcculler/src/wavestate/LIGO/mcculler/mirror_maps/T_ZM5_maps.py
  Function::T_map_ZM2_SN1_100seriesDIFF[1]::wavestate-ligo-mcculler/src/wavestate/LIGO/mcculler/mirror_maps/T_ZM5_maps.py
  Function::T_map_ZM2_SN1_100seriesDIFF[4]::wavestate-ligo-mcculler/src/wavestate/LIGO/mcculler/mirror_maps/T_ZM5_maps.py
  Function::T_map_ZM2_SN1_100seriesDIFF[5]::wavestate-ligo-mcculler/src/wavestate/LIGO/mcculler/mirror_maps/T_ZM5_maps.py
  Function::T_map_ZM2_SN1_roto::wavestate-ligo-mcculler/src/wavestate/LIGO/mcculler/mirror_maps/T_ZM5_maps.py
Module::wavestate-ligo-mcculler/src/wavestate/LIGO/mcculler/mirror_maps/test_mirror_map_plots.py::wavestate-ligo-mcculler/src/wavestate/LIGO/mcculler/mirror_maps/test_mirror_map_plots.py
  Function::T_map_curvature::wavestate-ligo-mcculler/src/wavestate/LIGO/mcculler/mirror_maps/test_mirror_map_plots.py
  Function::T_map_astig::wavestate-ligo-mcculler/src/wavestate/LIGO/mcculler/mirror_maps/test_mirror_map_plots.py
  Function::T_map_slope::wavestate-ligo-mcculler/src/wavestate/LIGO/mcculler/mirror_maps/test_mirror_map_plots.py
Module::wavestate-ligo-mcculler/src/wavestate/LIGO/mcculler/small_tests/HXDSV2V/T_V2V.py::wavestate-ligo-mcculler/src/wavestate/LIGO/mcculler/small_tests/HXDSV2V/T_V2V.py
  Function::test_V2V::wavestate-ligo-mcculler/src/wavestate/LIGO/mcculler/small_tests/HXDSV2V/T_V2V.py
Module::wavestate-ligo-mcculler/src/wavestate/LIGO/mcculler/small_tests/coatings/T_coatings_extrapolate.py::wavestate-ligo-mcculler/src/wavestate/LIGO/mcculler/small_tests/coatings/T_coatings_extrapolate.py
  Function::test_extrapolate::wavestate-ligo-mcculler/src/wavestate/LIGO/mcculler/small_tests/coatings/T_coatings_extrapolate.py
Module::wavestate-ligo-mcculler/src/wavestate/LIGO/mcculler/statespace/T_SS.py::wavestate-ligo-mcculler/src/wavestate/LIGO/mcculler/statespace/T_SS.py
  Function::test_statespace_load::wavestate-ligo-mcculler/src/wavestate/LIGO/mcculler/statespace/T_SS.py
  Function::test_ACE_HSTS::wavestate-ligo-mcculler/src/wavestate/LIGO/mcculler/statespace/T_SS.py
Module::wavestate-ligo-mcculler/wavestate_mcculler/O4_projections/T_O4projections_spectra.py::wavestate-ligo-mcculler/wavestate_mcculler/O4_projections/T_O4projections_spectra.py
  Function::test_reference::wavestate-ligo-mcculler/wavestate_mcculler/O4_projections/T_O4projections_spectra.py
Module::wavestate-ligo-mcculler/wavestate_mcculler/SQZ_FDL/LHO/T_LHO_FDL_stage2.py::wavestate-ligo-mcculler/wavestate_mcculler/SQZ_FDL/LHO/T_LHO_FDL_stage2.py
  Function::T_reduced_data::wavestate-ligo-mcculler/wavestate_mcculler/SQZ_FDL/LHO/T_LHO_FDL_stage2.py
  Function::T_subdivdata::wavestate-ligo-mcculler/wavestate_mcculler/SQZ_FDL/LHO/T_LHO_FDL_stage2.py
  Function::T_subdiv::wavestate-ligo-mcculler/wavestate_mcculler/SQZ_FDL/LHO/T_LHO_FDL_stage2.py
  Function::T_subdiv_save::wavestate-ligo-mcculler/wavestate_mcculler/SQZ_FDL/LHO/T_LHO_FDL_stage2.py
  Function::T_data_save::wavestate-ligo-mcculler/wavestate_mcculler/SQZ_FDL/LHO/T_LHO_FDL_stage2.py
Module::wavestate-ligo-mcculler/wavestate_mcculler/SQZ_FDL/LHO/T_LHO_FDL_stage3.py::wavestate-ligo-mcculler/wavestate_mcculler/SQZ_FDL/LHO/T_LHO_FDL_stage3.py
  Function::test_fit_LO0lp::wavestate-ligo-mcculler/wavestate_mcculler/SQZ_FDL/LHO/T_LHO_FDL_stage3.py
  Function::test_fit_LO0::wavestate-ligo-mcculler/wavestate_mcculler/SQZ_FDL/LHO/T_LHO_FDL_stage3.py
  Function::test_fit_LO7g::wavestate-ligo-mcculler/wavestate_mcculler/SQZ_FDL/LHO/T_LHO_FDL_stage3.py
  Function::test_fit_LO7b::wavestate-ligo-mcculler/wavestate_mcculler/SQZ_FDL/LHO/T_LHO_FDL_stage3.py
  Function::test_quantum_compare::wavestate-ligo-mcculler/wavestate_mcculler/SQZ_FDL/LHO/T_LHO_FDL_stage3.py
  Function::test_fitplots::wavestate-ligo-mcculler/wavestate_mcculler/SQZ_FDL/LHO/T_LHO_FDL_stage3.py
Module::wavestate-ligo-mcculler/wavestate_mcculler/SQZ_FDL/LHO/T_LHO_FDL_stage3_testing.py::wavestate-ligo-mcculler/wavestate_mcculler/SQZ_FDL/LHO/T_LHO_FDL_stage3_testing.py
  Function::test_NLG::wavestate-ligo-mcculler/wavestate_mcculler/SQZ_FDL/LHO/T_LHO_FDL_stage3_testing.py
  Function::test_demod_save::wavestate-ligo-mcculler/wavestate_mcculler/SQZ_FDL/LHO/T_LHO_FDL_stage3_testing.py
  Function::test_demod::wavestate-ligo-mcculler/wavestate_mcculler/SQZ_FDL/LHO/T_LHO_FDL_stage3_testing.py
  Function::test_SQL_arm::wavestate-ligo-mcculler/wavestate_mcculler/SQZ_FDL/LHO/T_LHO_FDL_stage3_testing.py
Module::wavestate-ligo-mcculler/wavestate_mcculler/SQZ_FDL/LHO/T_gwinc.py::wavestate-ligo-mcculler/wavestate_mcculler/SQZ_FDL/LHO/T_gwinc.py
  Function::test_CAL_GWINC::wavestate-ligo-mcculler/wavestate_mcculler/SQZ_FDL/LHO/T_gwinc.py
Package::common::wavestate-ligo-mcculler/wavestate_mcculler/SQZ_FDL/LHO/common/__init__.py
  Module::T_model_testing.py::wavestate-ligo-mcculler/wavestate_mcculler/SQZ_FDL/LHO/common/T_model_testing.py
    Function::T_subsub_model::wavestate-ligo-mcculler/wavestate_mcculler/SQZ_FDL/LHO/common/T_model_testing.py
    Function::T_subsub::wavestate-ligo-mcculler/wavestate_mcculler/SQZ_FDL/LHO/common/T_model_testing.py
Module::wavestate-ligo-mcculler/wavestate_mcculler/SQZ_FDL/LLO/T_LLO_FDL_stage3.py::wavestate-ligo-mcculler/wavestate_mcculler/SQZ_FDL/LLO/T_LLO_FDL_stage3.py
  Function::test_fit_LO0::wavestate-ligo-mcculler/wavestate_mcculler/SQZ_FDL/LLO/T_LLO_FDL_stage3.py
  Function::test_fit_LO5::wavestate-ligo-mcculler/wavestate_mcculler/SQZ_FDL/LLO/T_LLO_FDL_stage3.py
  Function::test_fit_LO8::wavestate-ligo-mcculler/wavestate_mcculler/SQZ_FDL/LLO/T_LLO_FDL_stage3.py
  Function::test_fit_LO13::wavestate-ligo-mcculler/wavestate_mcculler/SQZ_FDL/LLO/T_LLO_FDL_stage3.py
  Function::test_fit_LO15::wavestate-ligo-mcculler/wavestate_mcculler/SQZ_FDL/LLO/T_LLO_FDL_stage3.py
  Function::test_fit_LO11::wavestate-ligo-mcculler/wavestate_mcculler/SQZ_FDL/LLO/T_LLO_FDL_stage3.py
  Function::test_fit_LO10::wavestate-ligo-mcculler/wavestate_mcculler/SQZ_FDL/LLO/T_LLO_FDL_stage3.py
  Function::test_fit_LO13_nodetune::wavestate-ligo-mcculler/wavestate_mcculler/SQZ_FDL/LLO/T_LLO_FDL_stage3.py
  Function::test_quantum_compare::wavestate-ligo-mcculler/wavestate_mcculler/SQZ_FDL/LLO/T_LLO_FDL_stage3.py
  Function::test_fitplots::wavestate-ligo-mcculler/wavestate_mcculler/SQZ_FDL/LLO/T_LLO_FDL_stage3.py
Module::wavestate-ligo-mcculler/wavestate_mcculler/SQZ_FDL/LLO/T_LLO_FDL_stage3_para.py::wavestate-ligo-mcculler/wavestate_mcculler/SQZ_FDL/LLO/T_LLO_FDL_stage3_para.py
  Function::test_fit_model::wavestate-ligo-mcculler/wavestate_mcculler/SQZ_FDL/LLO/T_LLO_FDL_stage3_para.py
Module::wavestate-ligo-mcculler/wavestate_mcculler/SQZ_FDL/LLO/T_LLO_FDL_stage3_testing.py::wavestate-ligo-mcculler/wavestate_mcculler/SQZ_FDL/LLO/T_LLO_FDL_stage3_testing.py
  Function::test_NLG::wavestate-ligo-mcculler/wavestate_mcculler/SQZ_FDL/LLO/T_LLO_FDL_stage3_testing.py
  Function::test_demod::wavestate-ligo-mcculler/wavestate_mcculler/SQZ_FDL/LLO/T_LLO_FDL_stage3_testing.py
  Function::test_SQL_arm::wavestate-ligo-mcculler/wavestate_mcculler/SQZ_FDL/LLO/T_LLO_FDL_stage3_testing.py
Package::common::wavestate-ligo-mcculler/wavestate_mcculler/SQZ_FDL/LLO/common/__init__.py
  Module::T_model_testing.py::wavestate-ligo-mcculler/wavestate_mcculler/SQZ_FDL/LLO/common/T_model_testing.py
    Function::T_subsub_model::wavestate-ligo-mcculler/wavestate_mcculler/SQZ_FDL/LLO/common/T_model_testing.py
    Function::T_subsub::wavestate-ligo-mcculler/wavestate_mcculler/SQZ_FDL/LLO/common/T_model_testing.py
Module::wavestate-ligo-mcculler/wavestate_mcculler/SQZ_FDL/OPO_FC_IFO/FC16/T_FC16.py::wavestate-ligo-mcculler/wavestate_mcculler/SQZ_FDL/OPO_FC_IFO/FC16/T_FC16.py
  Function::T_FC::wavestate-ligo-mcculler/wavestate_mcculler/SQZ_FDL/OPO_FC_IFO/FC16/T_FC16.py
  Function::T_SQZ_demods::wavestate-ligo-mcculler/wavestate_mcculler/SQZ_FDL/OPO_FC_IFO/FC16/T_FC16.py
  Function::T_FC_demods::wavestate-ligo-mcculler/wavestate_mcculler/SQZ_FDL/OPO_FC_IFO/FC16/T_FC16.py
  Function::T_FC_demods2::wavestate-ligo-mcculler/wavestate_mcculler/SQZ_FDL/OPO_FC_IFO/FC16/T_FC16.py
  Function::T_FC_demods3::wavestate-ligo-mcculler/wavestate_mcculler/SQZ_FDL/OPO_FC_IFO/FC16/T_FC16.py
Module::wavestate-ligo-mcculler/wavestate_mcculler/SQZ_FDL/OPO_FC_IFO/FC16/T_FC_IFO16.py::wavestate-ligo-mcculler/wavestate_mcculler/SQZ_FDL/OPO_FC_IFO/FC16/T_FC_IFO16.py
  Function::T_FC_SQZ::wavestate-ligo-mcculler/wavestate_mcculler/SQZ_FDL/OPO_FC_IFO/FC16/T_FC_IFO16.py
  Function::T_FC_BW::wavestate-ligo-mcculler/wavestate_mcculler/SQZ_FDL/OPO_FC_IFO/FC16/T_FC_IFO16.py
  Function::T_IFO_CLF::wavestate-ligo-mcculler/wavestate_mcculler/SQZ_FDL/OPO_FC_IFO/FC16/T_FC_IFO16.py
  Function::T_IFO_RLF::wavestate-ligo-mcculler/wavestate_mcculler/SQZ_FDL/OPO_FC_IFO/FC16/T_FC_IFO16.py
  Function::T_FC_RLF::wavestate-ligo-mcculler/wavestate_mcculler/SQZ_FDL/OPO_FC_IFO/FC16/T_FC_IFO16.py
Module::wavestate-ligo-mcculler/wavestate_mcculler/SQZ_FDL/OPO_FC_IFO/FC300/T_FC.py::wavestate-ligo-mcculler/wavestate_mcculler/SQZ_FDL/OPO_FC_IFO/FC300/T_FC.py
  Function::T_FC::wavestate-ligo-mcculler/wavestate_mcculler/SQZ_FDL/OPO_FC_IFO/FC300/T_FC.py
  Function::T_SQZ_demods::wavestate-ligo-mcculler/wavestate_mcculler/SQZ_FDL/OPO_FC_IFO/FC300/T_FC.py
  Function::T_FC_demods::wavestate-ligo-mcculler/wavestate_mcculler/SQZ_FDL/OPO_FC_IFO/FC300/T_FC.py
  Function::T_FC_demods2::wavestate-ligo-mcculler/wavestate_mcculler/SQZ_FDL/OPO_FC_IFO/FC300/T_FC.py
  Function::T_FC_demods3::wavestate-ligo-mcculler/wavestate_mcculler/SQZ_FDL/OPO_FC_IFO/FC300/T_FC.py
Module::wavestate-ligo-mcculler/wavestate_mcculler/SQZ_FDL/OPO_FC_IFO/FC300/T_FC_IFO.py::wavestate-ligo-mcculler/wavestate_mcculler/SQZ_FDL/OPO_FC_IFO/FC300/T_FC_IFO.py
  Function::T_FC_SQZ::wavestate-ligo-mcculler/wavestate_mcculler/SQZ_FDL/OPO_FC_IFO/FC300/T_FC_IFO.py
  Function::T_FC_BW::wavestate-ligo-mcculler/wavestate_mcculler/SQZ_FDL/OPO_FC_IFO/FC300/T_FC_IFO.py
  Function::T_IFO_CLF::wavestate-ligo-mcculler/wavestate_mcculler/SQZ_FDL/OPO_FC_IFO/FC300/T_FC_IFO.py
  Function::T_IFO_RLF::wavestate-ligo-mcculler/wavestate_mcculler/SQZ_FDL/OPO_FC_IFO/FC300/T_FC_IFO.py
  Function::T_FC_RLF::wavestate-ligo-mcculler/wavestate_mcculler/SQZ_FDL/OPO_FC_IFO/FC300/T_FC_IFO.py
Module::wavestate-ligo-mcculler/wavestate_mcculler/SQZ_FDL/OPO_FC_IFO/FC300/T_FC_IFO_tests.py::wavestate-ligo-mcculler/wavestate_mcculler/SQZ_FDL/OPO_FC_IFO/FC300/T_FC_IFO_tests.py
  Function::T_test_unitarity::wavestate-ligo-mcculler/wavestate_mcculler/SQZ_FDL/OPO_FC_IFO/FC300/T_FC_IFO_tests.py
Module::wavestate-ligo-mcculler/wavestate_mcculler/SQZ_FDL/OPO_FC_IFO/OPO/T_OPO.py::wavestate-ligo-mcculler/wavestate_mcculler/SQZ_FDL/OPO_FC_IFO/OPO/T_OPO.py
  Function::T_SQZ_PUMP::wavestate-ligo-mcculler/wavestate_mcculler/SQZ_FDL/OPO_FC_IFO/OPO/T_OPO.py
  Function::T_SQZ_DB6::wavestate-ligo-mcculler/wavestate_mcculler/SQZ_FDL/OPO_FC_IFO/OPO/T_OPO.py
  Function::T_SQZ_DB6_::wavestate-ligo-mcculler/wavestate_mcculler/SQZ_FDL/OPO_FC_IFO/OPO/T_OPO.py
  Function::T_SQZ_angle::wavestate-ligo-mcculler/wavestate_mcculler/SQZ_FDL/OPO_FC_IFO/OPO/T_OPO.py
  Function::T_SQZ_phase_test::wavestate-ligo-mcculler/wavestate_mcculler/SQZ_FDL/OPO_FC_IFO/OPO/T_OPO.py
  Function::T_SQZ_mPLOT::wavestate-ligo-mcculler/wavestate_mcculler/SQZ_FDL/OPO_FC_IFO/OPO/T_OPO.py
  Function::T_SQZ_1064detune::wavestate-ligo-mcculler/wavestate_mcculler/SQZ_FDL/OPO_FC_IFO/OPO/T_OPO.py
  Function::T_SQZ_CLFRLF_phases::wavestate-ligo-mcculler/wavestate_mcculler/SQZ_FDL/OPO_FC_IFO/OPO/T_OPO.py
  Function::T_SQZ_CLF1Fminmax::wavestate-ligo-mcculler/wavestate_mcculler/SQZ_FDL/OPO_FC_IFO/OPO/T_OPO.py
  Function::T_SQZ_sensing::wavestate-ligo-mcculler/wavestate_mcculler/SQZ_FDL/OPO_FC_IFO/OPO/T_OPO.py
  Function::T_SQZ_sensing2::wavestate-ligo-mcculler/wavestate_mcculler/SQZ_FDL/OPO_FC_IFO/OPO/T_OPO.py
Module::wavestate-ligo-mcculler/wavestate_mcculler/SQZ_FDL/OPO_FC_IFO/OPO/T_OPO_O3vsO4.py::wavestate-ligo-mcculler/wavestate_mcculler/SQZ_FDL/OPO_FC_IFO/OPO/T_OPO_O3vsO4.py
  Function::T_OPO::wavestate-ligo-mcculler/wavestate_mcculler/SQZ_FDL/OPO_FC_IFO/OPO/T_OPO_O3vsO4.py
  Function::T_OPO_O4::wavestate-ligo-mcculler/wavestate_mcculler/SQZ_FDL/OPO_FC_IFO/OPO/T_OPO_O3vsO4.py
  Function::T_OPO_532::wavestate-ligo-mcculler/wavestate_mcculler/SQZ_FDL/OPO_FC_IFO/OPO/T_OPO_O3vsO4.py
Package::common::wavestate-ligo-mcculler/wavestate_mcculler/SQZ_FDL/common/__init__.py
  Module::T_model_testing.py::wavestate-ligo-mcculler/wavestate_mcculler/SQZ_FDL/common/T_model_testing.py
    Function::T_subsub_model::wavestate-ligo-mcculler/wavestate_mcculler/SQZ_FDL/common/T_model_testing.py
    Function::T_subsub::wavestate-ligo-mcculler/wavestate_mcculler/SQZ_FDL/common/T_model_testing.py
Module::wavestate-ligo-mcculler/wavestate_mcculler/SQZ_FDL/plots/T_paper.py::wavestate-ligo-mcculler/wavestate_mcculler/SQZ_FDL/plots/T_paper.py
  Function::T_dual::wavestate-ligo-mcculler/wavestate_mcculler/SQZ_FDL/plots/T_paper.py
  Function::T_Model::wavestate-ligo-mcculler/wavestate_mcculler/SQZ_FDL/plots/T_paper.py
  Function::T_displacement::wavestate-ligo-mcculler/wavestate_mcculler/SQZ_FDL/plots/T_paper.py
Module::wavestate-ligo-mcculler/wavestate_mcculler/SQZ_FDL/plots/T_plots.py::wavestate-ligo-mcculler/wavestate_mcculler/SQZ_FDL/plots/T_plots.py
  Function::T_LLO::wavestate-ligo-mcculler/wavestate_mcculler/SQZ_FDL/plots/T_plots.py
  Function::T_LHO_fit::wavestate-ligo-mcculler/wavestate_mcculler/SQZ_FDL/plots/T_plots.py
  Function::T_LLO_fit::wavestate-ligo-mcculler/wavestate_mcculler/SQZ_FDL/plots/T_plots.py
  Function::T_LHO::wavestate-ligo-mcculler/wavestate_mcculler/SQZ_FDL/plots/T_plots.py
  Function::test_SQL_arm::wavestate-ligo-mcculler/wavestate_mcculler/SQZ_FDL/plots/T_plots.py
Package::common::wavestate-ligo-mcculler/wavestate_mcculler/SQZ_FDL/plots/common/__init__.py
  Module::T_model_testing.py::wavestate-ligo-mcculler/wavestate_mcculler/SQZ_FDL/plots/common/T_model_testing.py
    Function::T_subsub_model::wavestate-ligo-mcculler/wavestate_mcculler/SQZ_FDL/plots/common/T_model_testing.py
    Function::T_subsub::wavestate-ligo-mcculler/wavestate_mcculler/SQZ_FDL/plots/common/T_model_testing.py
Module::wavestate-ligo-mcculler/wavestate_mcculler/mirror_maps/T_1Mroc.py::wavestate-ligo-mcculler/wavestate_mcculler/mirror_maps/T_1Mroc.py
  Function::T_map_1mROC[0]::wavestate-ligo-mcculler/wavestate_mcculler/mirror_maps/T_1Mroc.py
  Function::T_map_1mROC[90]::wavestate-ligo-mcculler/wavestate_mcculler/mirror_maps/T_1Mroc.py
  Function::T_map_1mROC[45]::wavestate-ligo-mcculler/wavestate_mcculler/mirror_maps/T_1Mroc.py
  Function::T_map_1mROC[135]::wavestate-ligo-mcculler/wavestate_mcculler/mirror_maps/T_1Mroc.py
  Function::T_map_1mROC[225]::wavestate-ligo-mcculler/wavestate_mcculler/mirror_maps/T_1Mroc.py
Module::wavestate-ligo-mcculler/wavestate_mcculler/mirror_maps/T_ETM_pointabs.py::wavestate-ligo-mcculler/wavestate_mcculler/mirror_maps/T_ETM_pointabs.py
  Function::T_map_ETMX10::wavestate-ligo-mcculler/wavestate_mcculler/mirror_maps/T_ETM_pointabs.py
  Function::T_map_ETM_absorber::wavestate-ligo-mcculler/wavestate_mcculler/mirror_maps/T_ETM_pointabs.py
Module::wavestate-ligo-mcculler/wavestate_mcculler/mirror_maps/T_FIM_maps.py::wavestate-ligo-mcculler/wavestate_mcculler/mirror_maps/T_FIM_maps.py
  Function::T_map_FIM01_scatter::wavestate-ligo-mcculler/wavestate_mcculler/mirror_maps/T_FIM_maps.py
  Function::T_map_FIM02_scatter::wavestate-ligo-mcculler/wavestate_mcculler/mirror_maps/T_FIM_maps.py
  Function::T_map_FIM03_scatter::wavestate-ligo-mcculler/wavestate_mcculler/mirror_maps/T_FIM_maps.py
  Function::T_map_FIM04_scatter::wavestate-ligo-mcculler/wavestate_mcculler/mirror_maps/T_FIM_maps.py
  Function::T_map_FIM01_phase::wavestate-ligo-mcculler/wavestate_mcculler/mirror_maps/T_FIM_maps.py
  Function::T_map_FIM02_phase::wavestate-ligo-mcculler/wavestate_mcculler/mirror_maps/T_FIM_maps.py
  Function::T_map_FIM03_phase::wavestate-ligo-mcculler/wavestate_mcculler/mirror_maps/T_FIM_maps.py
  Function::T_map_FIM04_phase::wavestate-ligo-mcculler/wavestate_mcculler/mirror_maps/T_FIM_maps.py
Module::wavestate-ligo-mcculler/wavestate_mcculler/mirror_maps/T_FIM_maps_2um.py::wavestate-ligo-mcculler/wavestate_mcculler/mirror_maps/T_FIM_maps_2um.py
  Function::T_map_FIM01_scatter_2um::wavestate-ligo-mcculler/wavestate_mcculler/mirror_maps/T_FIM_maps_2um.py
  Function::T_map_FIM02_scatter_2um::wavestate-ligo-mcculler/wavestate_mcculler/mirror_maps/T_FIM_maps_2um.py
  Function::T_map_FIM03_scatter_2um::wavestate-ligo-mcculler/wavestate_mcculler/mirror_maps/T_FIM_maps_2um.py
  Function::T_map_FIM04_scatter_2um::wavestate-ligo-mcculler/wavestate_mcculler/mirror_maps/T_FIM_maps_2um.py
  Function::T_map_FIM01_phase_2um::wavestate-ligo-mcculler/wavestate_mcculler/mirror_maps/T_FIM_maps_2um.py
  Function::T_map_FIM02_phase_2um::wavestate-ligo-mcculler/wavestate_mcculler/mirror_maps/T_FIM_maps_2um.py
  Function::T_map_FIM03_phase_2um::wavestate-ligo-mcculler/wavestate_mcculler/mirror_maps/T_FIM_maps_2um.py
  Function::T_map_FIM04_phase_2um::wavestate-ligo-mcculler/wavestate_mcculler/mirror_maps/T_FIM_maps_2um.py
Module::wavestate-ligo-mcculler/wavestate_mcculler/mirror_maps/T_ZM2_SN1_maps.py::wavestate-ligo-mcculler/wavestate_mcculler/mirror_maps/T_ZM2_SN1_maps.py
  Function::T_map_ZM2_SN1_testing::wavestate-ligo-mcculler/wavestate_mcculler/mirror_maps/T_ZM2_SN1_maps.py
  Function::T_map_ZM2_SN1_set[0]::wavestate-ligo-mcculler/wavestate_mcculler/mirror_maps/T_ZM2_SN1_maps.py
  Function::T_map_ZM2_SN1_set[45]::wavestate-ligo-mcculler/wavestate_mcculler/mirror_maps/T_ZM2_SN1_maps.py
  Function::T_map_ZM2_SN1_set[90]::wavestate-ligo-mcculler/wavestate_mcculler/mirror_maps/T_ZM2_SN1_maps.py
  Function::T_map_ZM2_SN1_set[135]::wavestate-ligo-mcculler/wavestate_mcculler/mirror_maps/T_ZM2_SN1_maps.py
  Function::T_map_ZM2_SN1_set[225]::wavestate-ligo-mcculler/wavestate_mcculler/mirror_maps/T_ZM2_SN1_maps.py
  Function::T_map_ZM2_SN1_cmn[0]::wavestate-ligo-mcculler/wavestate_mcculler/mirror_maps/T_ZM2_SN1_maps.py
  Function::T_map_ZM2_SN1_cmn[45]::wavestate-ligo-mcculler/wavestate_mcculler/mirror_maps/T_ZM2_SN1_maps.py
  Function::T_map_ZM2_SN1_cmn[135]::wavestate-ligo-mcculler/wavestate_mcculler/mirror_maps/T_ZM2_SN1_maps.py
  Function::T_map_ZM2_SN1_diff[0]::wavestate-ligo-mcculler/wavestate_mcculler/mirror_maps/T_ZM2_SN1_maps.py
  Function::T_map_ZM2_SN1_diff[45]::wavestate-ligo-mcculler/wavestate_mcculler/mirror_maps/T_ZM2_SN1_maps.py
  Function::T_map_ZM2_SN1_diff[135]::wavestate-ligo-mcculler/wavestate_mcculler/mirror_maps/T_ZM2_SN1_maps.py
  Function::T_map_ZM2_SN1_set_170821[0]::wavestate-ligo-mcculler/wavestate_mcculler/mirror_maps/T_ZM2_SN1_maps.py
  Function::T_map_ZM2_SN1_set_170821[45]::wavestate-ligo-mcculler/wavestate_mcculler/mirror_maps/T_ZM2_SN1_maps.py
  Function::T_map_ZM2_SN1_set_170821[90]::wavestate-ligo-mcculler/wavestate_mcculler/mirror_maps/T_ZM2_SN1_maps.py
  Function::T_map_ZM2_SN1_set_170821[135]::wavestate-ligo-mcculler/wavestate_mcculler/mirror_maps/T_ZM2_SN1_maps.py
  Function::T_map_ZM2_SN1_set_170821[225]::wavestate-ligo-mcculler/wavestate_mcculler/mirror_maps/T_ZM2_SN1_maps.py
[...]
/home/mcculler/.conda/envs/py39/lib/python3.9/site-packages/pluggy/_hooks.py:265: in __call__
    return self._hookexec(self.name, self.get_hookimpls(), kwargs, firstresult)
/home/mcculler/.conda/envs/py39/lib/python3.9/site-packages/pluggy/_manager.py:80: in _hookexec
    return self._inner_hookexec(hook_name, methods, kwargs, firstresult)
/home/mcculler/.conda/envs/py39/lib/python3.9/site-packages/_pytest/python.py:262: in pytest_pycollect_makeitem
    return list(collector._genfunctions(name, obj))
/home/mcculler/.conda/envs/py39/lib/python3.9/site-packages/_pytest/python.py:489: in _genfunctions
    self.ihook.pytest_generate_tests.call_extra(methods, dict(metafunc=metafunc))
/home/mcculler/.conda/envs/py39/lib/python3.9/site-packages/pluggy/_hooks.py:292: in call_extra
    return self(**kwargs)
/home/mcculler/.conda/envs/py39/lib/python3.9/site-packages/pluggy/_hooks.py:265: in __call__
    return self._hookexec(self.name, self.get_hookimpls(), kwargs, firstresult)
/home/mcculler/.conda/envs/py39/lib/python3.9/site-packages/pluggy/_manager.py:80: in _hookexec
    return self._inner_hookexec(hook_name, methods, kwargs, firstresult)
conftest.py:128: in pytest_generate_tests
    metafunc.parametrize("IFO", IFO)
/home/mcculler/.conda/envs/py39/lib/python3.9/site-packages/_pytest/python.py:1320: in parametrize
    newcallspec = callspec.setmulti(
/home/mcculler/.conda/envs/py39/lib/python3.9/site-packages/_pytest/python.py:1125: in setmulti
    raise ValueError(f"duplicate {arg!r}")
E   ValueError: duplicate 'IFO'
_ ERROR collecting wavestate-LIGO-IFO/src/wavestate/LIGO/IFO/Apl/design/telescopes/T_MM_SQZ_scans.py _
/home/mcculler/.conda/envs/py39/lib/python3.9/site-packages/pluggy/_hooks.py:265: in __call__
    return self._hookexec(self.name, self.get_hookimpls(), kwargs, firstresult)
/home/mcculler/.conda/envs/py39/lib/python3.9/site-packages/pluggy/_manager.py:80: in _hookexec
    return self._inner_hookexec(hook_name, methods, kwargs, firstresult)
/home/mcculler/.conda/envs/py39/lib/python3.9/site-packages/_pytest/python.py:262: in pytest_pycollect_makeitem
    return list(collector._genfunctions(name, obj))
/home/mcculler/.conda/envs/py39/lib/python3.9/site-packages/_pytest/python.py:489: in _genfunctions
    self.ihook.pytest_generate_tests.call_extra(methods, dict(metafunc=metafunc))
/home/mcculler/.conda/envs/py39/lib/python3.9/site-packages/pluggy/_hooks.py:292: in call_extra
    return self(**kwargs)
/home/mcculler/.conda/envs/py39/lib/python3.9/site-packages/pluggy/_hooks.py:265: in __call__
    return self._hookexec(self.name, self.get_hookimpls(), kwargs, firstresult)
/home/mcculler/.conda/envs/py39/lib/python3.9/site-packages/pluggy/_manager.py:80: in _hookexec
    return self._inner_hookexec(hook_name, methods, kwargs, firstresult)
conftest.py:128: in pytest_generate_tests
    metafunc.parametrize("IFO", IFO)
/home/mcculler/.conda/envs/py39/lib/python3.9/site-packages/_pytest/python.py:1320: in parametrize
    newcallspec = callspec.setmulti(
/home/mcculler/.conda/envs/py39/lib/python3.9/site-packages/_pytest/python.py:1125: in setmulti
    raise ValueError(f"duplicate {arg!r}")
E   ValueError: duplicate 'IFO'
_ ERROR collecting wavestate-LIGO-IFO/src/wavestate/LIGO/IFO/as_built/FC_LLO/pre_ZM123/T_LLO_MM_FCGS.py _
/home/mcculler/.conda/envs/py39/lib/python3.9/site-packages/pluggy/_hooks.py:265: in __call__
    return self._hookexec(self.name, self.get_hookimpls(), kwargs, firstresult)
/home/mcculler/.conda/envs/py39/lib/python3.9/site-packages/pluggy/_manager.py:80: in _hookexec
    return self._inner_hookexec(hook_name, methods, kwargs, firstresult)
/home/mcculler/.conda/envs/py39/lib/python3.9/site-packages/_pytest/python.py:262: in pytest_pycollect_makeitem
    return list(collector._genfunctions(name, obj))
/home/mcculler/.conda/envs/py39/lib/python3.9/site-packages/_pytest/python.py:489: in _genfunctions
    self.ihook.pytest_generate_tests.call_extra(methods, dict(metafunc=metafunc))
/home/mcculler/.conda/envs/py39/lib/python3.9/site-packages/pluggy/_hooks.py:292: in call_extra
    return self(**kwargs)
/home/mcculler/.conda/envs/py39/lib/python3.9/site-packages/pluggy/_hooks.py:265: in __call__
    return self._hookexec(self.name, self.get_hookimpls(), kwargs, firstresult)
/home/mcculler/.conda/envs/py39/lib/python3.9/site-packages/pluggy/_manager.py:80: in _hookexec
    return self._inner_hookexec(hook_name, methods, kwargs, firstresult)
conftest.py:128: in pytest_generate_tests
    metafunc.parametrize("IFO", IFO)
/home/mcculler/.conda/envs/py39/lib/python3.9/site-packages/_pytest/python.py:1320: in parametrize
    newcallspec = callspec.setmulti(
/home/mcculler/.conda/envs/py39/lib/python3.9/site-packages/_pytest/python.py:1125: in setmulti
    raise ValueError(f"duplicate {arg!r}")
E   ValueError: duplicate 'IFO'
_ ERROR collecting wavestate-LIGO-IFO/src/wavestate/LIGO/IFO/as_built/FC_LLO/pre_ZM123/T_LLO_MM_PUMP.py _
/home/mcculler/.conda/envs/py39/lib/python3.9/site-packages/pluggy/_hooks.py:265: in __call__
    return self._hookexec(self.name, self.get_hookimpls(), kwargs, firstresult)
/home/mcculler/.conda/envs/py39/lib/python3.9/site-packages/pluggy/_manager.py:80: in _hookexec
    return self._inner_hookexec(hook_name, methods, kwargs, firstresult)
/home/mcculler/.conda/envs/py39/lib/python3.9/site-packages/_pytest/python.py:262: in pytest_pycollect_makeitem
    return list(collector._genfunctions(name, obj))
/home/mcculler/.conda/envs/py39/lib/python3.9/site-packages/_pytest/python.py:489: in _genfunctions
    self.ihook.pytest_generate_tests.call_extra(methods, dict(metafunc=metafunc))
/home/mcculler/.conda/envs/py39/lib/python3.9/site-packages/pluggy/_hooks.py:292: in call_extra
    return self(**kwargs)
/home/mcculler/.conda/envs/py39/lib/python3.9/site-packages/pluggy/_hooks.py:265: in __call__
    return self._hookexec(self.name, self.get_hookimpls(), kwargs, firstresult)
/home/mcculler/.conda/envs/py39/lib/python3.9/site-packages/pluggy/_manager.py:80: in _hookexec
    return self._inner_hookexec(hook_name, methods, kwargs, firstresult)
conftest.py:128: in pytest_generate_tests
    metafunc.parametrize("IFO", IFO)
/home/mcculler/.conda/envs/py39/lib/python3.9/site-packages/_pytest/python.py:1320: in parametrize
    newcallspec = callspec.setmulti(
/home/mcculler/.conda/envs/py39/lib/python3.9/site-packages/_pytest/python.py:1125: in setmulti
    raise ValueError(f"duplicate {arg!r}")
E   ValueError: duplicate 'IFO'
_ ERROR collecting wavestate-LIGO-IFO/src/wavestate/LIGO/IFO/design/T_LIGO_MM.py _
/home/mcculler/.conda/envs/py39/lib/python3.9/site-packages/pluggy/_hooks.py:265: in __call__
    return self._hookexec(self.name, self.get_hookimpls(), kwargs, firstresult)
/home/mcculler/.conda/envs/py39/lib/python3.9/site-packages/pluggy/_manager.py:80: in _hookexec
    return self._inner_hookexec(hook_name, methods, kwargs, firstresult)
/home/mcculler/.conda/envs/py39/lib/python3.9/site-packages/_pytest/python.py:262: in pytest_pycollect_makeitem
    return list(collector._genfunctions(name, obj))
/home/mcculler/.conda/envs/py39/lib/python3.9/site-packages/_pytest/python.py:489: in _genfunctions
    self.ihook.pytest_generate_tests.call_extra(methods, dict(metafunc=metafunc))
/home/mcculler/.conda/envs/py39/lib/python3.9/site-packages/pluggy/_hooks.py:292: in call_extra
    return self(**kwargs)
/home/mcculler/.conda/envs/py39/lib/python3.9/site-packages/pluggy/_hooks.py:265: in __call__
    return self._hookexec(self.name, self.get_hookimpls(), kwargs, firstresult)
/home/mcculler/.conda/envs/py39/lib/python3.9/site-packages/pluggy/_manager.py:80: in _hookexec
    return self._inner_hookexec(hook_name, methods, kwargs, firstresult)
conftest.py:128: in pytest_generate_tests
    metafunc.parametrize("IFO", IFO)
/home/mcculler/.conda/envs/py39/lib/python3.9/site-packages/_pytest/python.py:1320: in parametrize
    newcallspec = callspec.setmulti(
/home/mcculler/.conda/envs/py39/lib/python3.9/site-packages/_pytest/python.py:1125: in setmulti
    raise ValueError(f"duplicate {arg!r}")
E   ValueError: duplicate 'IFO'
_ ERROR collecting wavestate-LIGO-IFO/src/wavestate/LIGO/IFO/design/T_LIGO_OMs.py _
/home/mcculler/.conda/envs/py39/lib/python3.9/site-packages/pluggy/_hooks.py:265: in __call__
    return self._hookexec(self.name, self.get_hookimpls(), kwargs, firstresult)
/home/mcculler/.conda/envs/py39/lib/python3.9/site-packages/pluggy/_manager.py:80: in _hookexec
    return self._inner_hookexec(hook_name, methods, kwargs, firstresult)
/home/mcculler/.conda/envs/py39/lib/python3.9/site-packages/_pytest/python.py:262: in pytest_pycollect_makeitem
    return list(collector._genfunctions(name, obj))
/home/mcculler/.conda/envs/py39/lib/python3.9/site-packages/_pytest/python.py:489: in _genfunctions
    self.ihook.pytest_generate_tests.call_extra(methods, dict(metafunc=metafunc))
/home/mcculler/.conda/envs/py39/lib/python3.9/site-packages/pluggy/_hooks.py:292: in call_extra
    return self(**kwargs)
/home/mcculler/.conda/envs/py39/lib/python3.9/site-packages/pluggy/_hooks.py:265: in __call__
    return self._hookexec(self.name, self.get_hookimpls(), kwargs, firstresult)
/home/mcculler/.conda/envs/py39/lib/python3.9/site-packages/pluggy/_manager.py:80: in _hookexec
    return self._inner_hookexec(hook_name, methods, kwargs, firstresult)
conftest.py:128: in pytest_generate_tests
    metafunc.parametrize("IFO", IFO)
/home/mcculler/.conda/envs/py39/lib/python3.9/site-packages/_pytest/python.py:1320: in parametrize
    newcallspec = callspec.setmulti(
/home/mcculler/.conda/envs/py39/lib/python3.9/site-packages/_pytest/python.py:1125: in setmulti
    raise ValueError(f"duplicate {arg!r}")
E   ValueError: duplicate 'IFO'
____ ERROR collecting wavestate-epics-autocas/test/program/test_autosave.py ____
ImportError while importing test module '/home/mcculler/local/projects_sync/wavestate-project-mcculler/wavestate-doc/testing/wavestate-epics-autocas/test/program/test_autosave.py'.
Hint: make sure your test modules/packages have valid Python names.
Traceback:
/home/mcculler/.conda/envs/py39/lib/python3.9/importlib/__init__.py:127: in import_module
    return _bootstrap._gcd_import(name[level:], package, level)
wavestate-epics-autocas/test/program/test_autosave.py:8: in <module>
    from wavestate.epics.autocas.subservices.restart_on_edit import RestartOnEdit
../../wavestate-epics-autocas/src/wavestate/epics/autocas/subservices/restart_on_edit.py:17: in <module>
    import inotify_simple
E   ModuleNotFoundError: No module named 'inotify_simple'
____ ERROR collecting wavestate-epics-autocas/test/program/test_program.py _____
ImportError while importing test module '/home/mcculler/local/projects_sync/wavestate-project-mcculler/wavestate-doc/testing/wavestate-epics-autocas/test/program/test_program.py'.
Hint: make sure your test modules/packages have valid Python names.
Traceback:
/home/mcculler/.conda/envs/py39/lib/python3.9/importlib/__init__.py:127: in import_module
    return _bootstrap._gcd_import(name[level:], package, level)
wavestate-epics-autocas/test/program/test_program.py:8: in <module>
    from wavestate.epics.autocas.subservices.restart_on_edit import RestartOnEdit
../../wavestate-epics-autocas/src/wavestate/epics/autocas/subservices/restart_on_edit.py:17: in <module>
    import inotify_simple
E   ModuleNotFoundError: No module named 'inotify_simple'
____ ERROR collecting wavestate-epics-autocas/test/reloader/test_reload.py _____
ImportError while importing test module '/home/mcculler/local/projects_sync/wavestate-project-mcculler/wavestate-doc/testing/wavestate-epics-autocas/test/reloader/test_reload.py'.
Hint: make sure your test modules/packages have valid Python names.
Traceback:
/home/mcculler/.conda/envs/py39/lib/python3.9/importlib/__init__.py:127: in import_module
    return _bootstrap._gcd_import(name[level:], package, level)
wavestate-epics-autocas/test/reloader/test_reload.py:8: in <module>
    from wavestate.epics.autocas.subservices.restart_on_edit import RestartOnEdit
../../wavestate-epics-autocas/src/wavestate/epics/autocas/subservices/restart_on_edit.py:17: in <module>
    import inotify_simple
E   ModuleNotFoundError: No module named 'inotify_simple'
=============================== warnings summary ===============================
pygwinc/test/budgets/test_budgets.py:19
  /home/mcculler/local/projects_sync/wavestate-project-mcculler/wavestate-doc/testing/pygwinc/test/budgets/test_budgets.py:19: PytestUnknownMarkWarning: Unknown pytest.mark.logic - is this a typo?  You can register custom marks to avoid this warning - for details, see https://docs.pytest.org/en/stable/how-to/mark.html
    @pytest.mark.logic

pygwinc/test/budgets/test_budgets.py:20
  /home/mcculler/local/projects_sync/wavestate-project-mcculler/wavestate-doc/testing/pygwinc/test/budgets/test_budgets.py:20: PytestUnknownMarkWarning: Unknown pytest.mark.fast - is this a typo?  You can register custom marks to avoid this warning - for details, see https://docs.pytest.org/en/stable/how-to/mark.html
    @pytest.mark.fast

pygwinc/test/budgets/test_budgets.py:33
  /home/mcculler/local/projects_sync/wavestate-project-mcculler/wavestate-doc/testing/pygwinc/test/budgets/test_budgets.py:33: PytestUnknownMarkWarning: Unknown pytest.mark.logic - is this a typo?  You can register custom marks to avoid this warning - for details, see https://docs.pytest.org/en/stable/how-to/mark.html
    @pytest.mark.logic

pygwinc/test/budgets/test_budgets.py:34
  /home/mcculler/local/projects_sync/wavestate-project-mcculler/wavestate-doc/testing/pygwinc/test/budgets/test_budgets.py:34: PytestUnknownMarkWarning: Unknown pytest.mark.fast - is this a typo?  You can register custom marks to avoid this warning - for details, see https://docs.pytest.org/en/stable/how-to/mark.html
    @pytest.mark.fast

pygwinc/test/inherit/test_inherit.py:8
  /home/mcculler/local/projects_sync/wavestate-project-mcculler/wavestate-doc/testing/pygwinc/test/inherit/test_inherit.py:8: PytestUnknownMarkWarning: Unknown pytest.mark.fast - is this a typo?  You can register custom marks to avoid this warning - for details, see https://docs.pytest.org/en/stable/how-to/mark.html
    @pytest.mark.fast

pygwinc/test/inherit/test_inherit.py:9
  /home/mcculler/local/projects_sync/wavestate-project-mcculler/wavestate-doc/testing/pygwinc/test/inherit/test_inherit.py:9: PytestUnknownMarkWarning: Unknown pytest.mark.logic - is this a typo?  You can register custom marks to avoid this warning - for details, see https://docs.pytest.org/en/stable/how-to/mark.html
    @pytest.mark.logic

pygwinc/test/inherit/test_inherit.py:40
  /home/mcculler/local/projects_sync/wavestate-project-mcculler/wavestate-doc/testing/pygwinc/test/inherit/test_inherit.py:40: PytestUnknownMarkWarning: Unknown pytest.mark.fast - is this a typo?  You can register custom marks to avoid this warning - for details, see https://docs.pytest.org/en/stable/how-to/mark.html
    @pytest.mark.fast

pygwinc/test/inherit/test_inherit.py:41
  /home/mcculler/local/projects_sync/wavestate-project-mcculler/wavestate-doc/testing/pygwinc/test/inherit/test_inherit.py:41: PytestUnknownMarkWarning: Unknown pytest.mark.logic - is this a typo?  You can register custom marks to avoid this warning - for details, see https://docs.pytest.org/en/stable/how-to/mark.html
    @pytest.mark.logic

pygwinc/test/noises/test_quantum.py:10
  /home/mcculler/local/projects_sync/wavestate-project-mcculler/wavestate-doc/testing/pygwinc/test/noises/test_quantum.py:10: PytestUnknownMarkWarning: Unknown pytest.mark.logic - is this a typo?  You can register custom marks to avoid this warning - for details, see https://docs.pytest.org/en/stable/how-to/mark.html
    @pytest.mark.logic

pygwinc/test/noises/test_quantum.py:11
  /home/mcculler/local/projects_sync/wavestate-project-mcculler/wavestate-doc/testing/pygwinc/test/noises/test_quantum.py:11: PytestUnknownMarkWarning: Unknown pytest.mark.fast - is this a typo?  You can register custom marks to avoid this warning - for details, see https://docs.pytest.org/en/stable/how-to/mark.html
    @pytest.mark.fast

pygwinc/test/noises/test_quantum.py:40
  /home/mcculler/local/projects_sync/wavestate-project-mcculler/wavestate-doc/testing/pygwinc/test/noises/test_quantum.py:40: PytestUnknownMarkWarning: Unknown pytest.mark.logic - is this a typo?  You can register custom marks to avoid this warning - for details, see https://docs.pytest.org/en/stable/how-to/mark.html
    @pytest.mark.logic

pygwinc/test/noises/test_quantum.py:41
  /home/mcculler/local/projects_sync/wavestate-project-mcculler/wavestate-doc/testing/pygwinc/test/noises/test_quantum.py:41: PytestUnknownMarkWarning: Unknown pytest.mark.fast - is this a typo?  You can register custom marks to avoid this warning - for details, see https://docs.pytest.org/en/stable/how-to/mark.html
    @pytest.mark.fast

wavestate-epics-autocas/test/remote/test_external.py:47
  /home/mcculler/local/projects_sync/wavestate-project-mcculler/wavestate-doc/testing/wavestate-epics-autocas/test/remote/test_external.py:47: PytestCollectionWarning: cannot collect test class 'Testers' because it has a __init__ constructor (from: wavestate-epics-autocas/test/remote/test_external.py)
    class Testers(autocas.CAS9Module):

wavestate-epics-autocas/test/remote/test_external_ext.py:12
  /home/mcculler/local/projects_sync/wavestate-project-mcculler/wavestate-doc/testing/wavestate-epics-autocas/test/remote/test_external_ext.py:12: PytestCollectionWarning: cannot collect test class 'Testers' because it has a __init__ constructor (from: wavestate-epics-autocas/test/remote/test_external_ext.py)
    class Testers(autocas.CAS9Module):

wavestate-epics-autocas/test/remote/test_external_int.py:67
  /home/mcculler/local/projects_sync/wavestate-project-mcculler/wavestate-doc/testing/wavestate-epics-autocas/test/remote/test_external_int.py:67: PytestCollectionWarning: cannot collect test class 'Testers' because it has a __init__ constructor (from: wavestate-epics-autocas/test/remote/test_external_int.py)
    class Testers(autocas.CAS9Module):

wavestate-epics-autocas/test/saver/test_saver.py:93
  /home/mcculler/local/projects_sync/wavestate-project-mcculler/wavestate-doc/testing/wavestate-epics-autocas/test/saver/test_saver.py:93: PytestCollectionWarning: cannot collect test class 'Testers' because it has a __init__ constructor (from: wavestate-epics-autocas/test/saver/test_saver.py)
    class Testers(autocas.CAS9Module):

-- Docs: https://docs.pytest.org/en/stable/how-to/capture-warnings.html
=========================== short test summary info ============================
ERROR wavestate-LIGO-IFO/src/wavestate/LIGO/IFO/Apl/design/telescopes/T_MM_CLF.py
ERROR wavestate-LIGO-IFO/src/wavestate/LIGO/IFO/Apl/design/telescopes/T_MM_FCGS.py
ERROR wavestate-LIGO-IFO/src/wavestate/LIGO/IFO/Apl/design/telescopes/T_MM_HAM8.py
ERROR wavestate-LIGO-IFO/src/wavestate/LIGO/IFO/Apl/design/telescopes/T_MM_OPO.py
ERROR wavestate-LIGO-IFO/src/wavestate/LIGO/IFO/Apl/design/telescopes/T_MM_PUMP.py
ERROR wavestate-LIGO-IFO/src/wavestate/LIGO/IFO/Apl/design/telescopes/T_MM_SK.py
ERROR wavestate-LIGO-IFO/src/wavestate/LIGO/IFO/Apl/design/telescopes/T_MM_SQZ.py
ERROR wavestate-LIGO-IFO/src/wavestate/LIGO/IFO/Apl/design/telescopes/T_MM_SQZ_scans.py
ERROR wavestate-LIGO-IFO/src/wavestate/LIGO/IFO/as_built/FC_LLO/pre_ZM123/T_LLO_MM_FCGS.py
ERROR wavestate-LIGO-IFO/src/wavestate/LIGO/IFO/as_built/FC_LLO/pre_ZM123/T_LLO_MM_PUMP.py
ERROR wavestate-LIGO-IFO/src/wavestate/LIGO/IFO/design/T_LIGO_MM.py - ValueEr...
ERROR wavestate-LIGO-IFO/src/wavestate/LIGO/IFO/design/T_LIGO_OMs.py - ValueE...
ERROR wavestate-epics-autocas/test/program/test_autosave.py
ERROR wavestate-epics-autocas/test/program/test_program.py
ERROR wavestate-epics-autocas/test/reloader/test_reload.py
!!!!!!!!!!!!!!!!!!!!!!!!! _pytest.outcomes.Exit: Done! !!!!!!!!!!!!!!!!!!!!!!!!!
=================== 752 tests collected, 15 errors in 1.48s ====================
